#
# A fatal error has been detected by the Java Runtime Environment:
#
#  Internal Error (jvmciRuntime.cpp:1609), pid=686, tid=700
#  fatal error: Fatal exception in JVMCI: Error calling jdk.vm.ci.services.Services.serializeSavedProperties
#
# JRE version: OpenJDK Runtime Environment GraalVM CE 22.3.0 (17.0.5+8) (build 17.0.5+8-jvmci-22.3-b08)
# Java VM: OpenJDK 64-Bit Server VM GraalVM CE 22.3.0 (17.0.5+8-jvmci-22.3-b08, mixed mode, sharing, tiered, jvmci, jvmci compiler, compressed oops, compressed class ptrs, parallel gc, linux-amd64)
# Problematic frame:
# V  [libjvm.so+0x972714]  JVMCIRuntime::fatal_exception(JVMCIEnv*, char const*)+0x74
#
# Core dump will be written. Default location: Core dumps may be processed with "/usr/share/apport/apport -p%p -s%s -c%c -d%d -P%P -u%u -g%g -- %E" (or dumping to /home/runner/DefectWorkbench1/core.686)
#
# If you would like to submit a bug report, please visit:
#   https://github.com/oracle/graal/issues
#

---------------  S U M M A R Y ------------

Command Line: -XX:ThreadPriorityPolicy=1 -XX:+UnlockExperimentalVMOptions -XX:+EnableJVMCIProduct -XX:JVMCIThreadsPerNativeLibraryRuntime=1 -XX:-UnlockExperimentalVMOptions -Declipse.application=org.eclipse.jdt.ls.core.id1 -Dosgi.bundles.defaultStartLevel=4 -Declipse.product=org.eclipse.jdt.ls.core.product -Dlog.level=ALL -Xverify:none -XX:+UseParallelGC -XX:GCTimeRatio=4 -XX:AdaptiveSizePolicyWeight=90 -Dsun.zip.disableMemoryMapping=true -Xmx512m -Xms100m /nix/store/m6gcpi1ii6rghy04cjwjddcavv7i90df-jdt-language-server-1.9.0/share/java/plugins/org.eclipse.equinox.launcher_1.6.400.v20210924-0641.jar --add-modules=ALL-SYSTEM --add-opens java.base/java.util=ALL-UNNAMED --add-opens java.base/java.lang=ALL-UNNAMED -configuration /home/runner/.cache/jdt-language-server/config -data /home/runner/.cache/jdt-language-server/data/home/runner/DefectWorkbench1

Host: AMD EPYC 7B12, 8 cores, 1G, Ubuntu 20.04.2 LTS
Time: Mon Mar 27 11:52:45 2023 UTC elapsed time: 562.726664 seconds (0d 0h 9m 22s)

---------------  T H R E A D  ---------------

Current thread (0x00007fc0c00b21e0):  JavaThread "JVMCI-native CompilerThread0" daemon [_thread_in_vm, id=700, stack(0x00007fc0a661a000,0x00007fc0a681a000)]


Current CompileTask:
JVMCI-native: 562729 10843       4       java.lang.AbstractStringBuilder::append (33 bytes)

Stack: [0x00007fc0a661a000,0x00007fc0a681a000],  sp=0x00007fc0a6818380,  free space=2040k
Native frames: (J=compiled Java code, j=interpreted, Vv=VM code, C=native code)
V  [libjvm.so+0x972714]  JVMCIRuntime::fatal_exception(JVMCIEnv*, char const*)+0x74
V  [libjvm.so+0x93e2fe]  JVMCIEnv::copy_saved_properties()+0x14e
V  [libjvm.so+0x9732a9]  JVMCIRuntime::initialize(JVMCIEnv*)+0xb19
V  [libjvm.so+0x9738a2]  JVMCIRuntime::get_HotSpotJVMCIRuntime(JVMCIEnv*)+0x12
V  [libjvm.so+0x9749f2]  JVMCIRuntime::compile_method(JVMCIEnv*, JVMCICompiler*, methodHandle const&, int)+0xd2
V  [libjvm.so+0x5b0d20]  CompileBroker::invoke_compiler_on_method(CompileTask*)+0x1470
V  [libjvm.so+0x5b12e8]  CompileBroker::compiler_thread_loop()+0x528
V  [libjvm.so+0xd82460]  JavaThread::thread_main_inner()+0xd0
V  [libjvm.so+0xd85a40]  Thread::call_run()+0xc0
V  [libjvm.so+0xbdb1e1]  thread_native_entry(Thread*)+0xe1

Register to memory mapping:

RAX=0x00007fc0c62d8000 points into unknown readable memory: 0x0000000000000058 | 58 00 00 00 00 00 00 00
RBX=0x00007fc0c73d3398: <offset 0x0000000000ef5398> in /nix/store/gpxl5qgg8kicmcvivwmybwjlpf7wh20l-graalvm17-ce-22.3.0/lib/server/libjvm.so at 0x00007fc0c64de000
RCX=0x00007fc0c738b1e8: <offset 0x0000000000ead1e8> in /nix/store/gpxl5qgg8kicmcvivwmybwjlpf7wh20l-graalvm17-ce-22.3.0/lib/server/libjvm.so at 0x00007fc0c64de000
RDX=0x0000000000000649 is an unknown value
RSP=0x00007fc0a6818380 is pointing into the stack for thread: 0x00007fc0c00b21e0
RBP=0x00007fc0a68183a0 is pointing into the stack for thread: 0x00007fc0c00b21e0
RSI=0x00007fc0c73d3c48: <offset 0x0000000000ef5c48> in /nix/store/gpxl5qgg8kicmcvivwmybwjlpf7wh20l-graalvm17-ce-22.3.0/lib/server/libjvm.so at 0x00007fc0c64de000
RDI=0x00000000e0000000 is an oop: java.util.LinkedHashMap$Entry 
{0x00000000e0000000} - klass: 'java/util/LinkedHashMap$Entry'
 - ---- fields (total size 5 words):
 - final 'hash' 'I' @12  -2034522908 (86bba4e4)
 - final 'key' 'Ljava/lang/Object;' @16  a 'java/util/jar/Attributes$Name'{0x00000000e05c4960} (e05c4960)
 - 'value' 'Ljava/lang/Object;' @20  "e1FtmEkMmQydr5DayEO7STYX3egemDUa0BsO30EXRUo="{0x00000000e0000028} (e0000028)
 - 'next' 'Ljava/util/HashMap$Node;' @24  NULL (0)
 - 'before' 'Ljava/util/LinkedHashMap$Entry;' @28  NULL (0)
 - 'after' 'Ljava/util/LinkedHashMap$Entry;' @32  NULL (0)
R8 =0x00007fc0c73d3398: <offset 0x0000000000ef5398> in /nix/store/gpxl5qgg8kicmcvivwmybwjlpf7wh20l-graalvm17-ce-22.3.0/lib/server/libjvm.so at 0x00007fc0c64de000
R9 =0x00007fc0a6818330 is pointing into the stack for thread: 0x00007fc0c00b21e0
R10=0x00007fc0a6819948 is pointing into the stack for thread: 0x00007fc0c00b21e0
R11=0x0000000000000293 is an unknown value
R12=0x0 is NULL
R13=0x00007fc0c00b21e0 is a thread
R14=0x00007fc0c0000b80 points into unknown readable memory: 0x00007fc0c7604a38 | 38 4a 60 c7 c0 7f 00 00
R15=0x00007fc0c7712e40: <offset 0x0000000001234e40> in /nix/store/gpxl5qgg8kicmcvivwmybwjlpf7wh20l-graalvm17-ce-22.3.0/lib/server/libjvm.so at 0x00007fc0c64de000


Registers:
RAX=0x00007fc0c62d8000, RBX=0x00007fc0c73d3398, RCX=0x00007fc0c738b1e8, RDX=0x0000000000000649
RSP=0x00007fc0a6818380, RBP=0x00007fc0a68183a0, RSI=0x00007fc0c73d3c48, RDI=0x00000000e0000000
R8 =0x00007fc0c73d3398, R9 =0x00007fc0a6818330, R10=0x00007fc0a6819948, R11=0x0000000000000293
R12=0x0000000000000000, R13=0x00007fc0c00b21e0, R14=0x00007fc0c0000b80, R15=0x00007fc0c7712e40
RIP=0x00007fc0c6e50714, EFLAGS=0x0000000000010206, CSGSFS=0x002b000000000033, ERR=0x0000000000000006
  TRAPNO=0x000000000000000e

Top of Stack: (sp=0x00007fc0a6818380)
0x00007fc0a6818380:   00007fc0a6818940 00007fc0c00b21e0
0x00007fc0a6818390:   00007fc0c4c698c8 0000000800c417a0
0x00007fc0a68183a0:   00007fc0a6818500 00007fc0c6e1c2fe
0x00007fc0a68183b0:   00007fc0a68183e0 00007fc0a6818440 

Instructions: (pc=0x00007fc0c6e50714)
0x00007fc0c6e50614:   30 e8 f6 cf e8 ff 4c 89 e7 e8 2e 48 d1 ff 84 db
0x00007fc0c6e50624:   75 2a 4d 85 ed 74 04 4d 8b 6d 00 48 83 c4 08 44
0x00007fc0c6e50634:   89 f9 4c 89 f2 4c 89 ee 5b 4c 89 e7 41 5c 41 5d
0x00007fc0c6e50644:   41 5e 41 5f 5d e9 e2 47 d1 ff 66 90 48 83 c4 08
0x00007fc0c6e50654:   5b 41 5c 41 5d 41 5e 41 5f 5d c3 90 31 d2 be 08
0x00007fc0c6e50664:   00 00 00 4c 89 ff e8 b1 78 a3 ff 49 89 c5 e9 37
0x00007fc0c6e50674:   ff ff ff 66 0f 1f 84 00 00 00 00 00 48 8b 7a 08
0x00007fc0c6e50684:   e9 6d ff ff ff 0f 1f 80 00 00 00 00 e8 5b 48 0a
0x00007fc0c6e50694:   00 84 c0 75 89 e9 6a ff ff ff 66 90 55 48 89 e5
0x00007fc0c6e506a4:   41 56 41 55 41 54 49 89 fc 53 48 89 f3 66 48 8d
0x00007fc0c6e506b4:   3d 27 5e 85 00 66 66 48 e8 df 43 8d ff 4c 8b 28
0x00007fc0c6e506c4:   8b 05 be 72 8a 00 85 c0 75 14 ba 01 00 00 00 48
0x00007fc0c6e506d4:   8d 0d ae 72 8a 00 f0 0f b1 11 85 c0 74 4e be c8
0x00007fc0c6e506e4:   00 00 00 4c 89 ef e8 01 0b 41 00 48 8d 05 12 ac
0x00007fc0c6e506f4:   85 00 49 89 d8 48 8d 0d e8 aa 53 00 ba 49 06 00
0x00007fc0c6e50704:   00 48 8d 35 3c 35 58 00 bf 00 00 00 e0 48 8b 00
0x00007fc0c6e50714:   c6 00 58 31 c0 e8 e2 91 c6 ff 5b 41 5c 41 5d 41
0x00007fc0c6e50724:   5e 5d e9 55 34 26 00 0f 1f 44 00 00 48 8d 05 81
0x00007fc0c6e50734:   a3 8b 00 48 89 df 4c 8b 30 e8 9e 43 8d ff 48 89
0x00007fc0c6e50744:   de 48 89 c2 49 8b 06 4c 89 f7 ff 50 08 4c 89 f7
0x00007fc0c6e50754:   e8 a7 5c 27 00 4d 85 e4 74 12 be 01 00 00 00 4c
0x00007fc0c6e50764:   89 e7 e8 35 43 fc ff eb 82 0f 1f 00 be 01 00 00
0x00007fc0c6e50774:   00 4c 89 ef e8 d3 fd ff ff e9 6d ff ff ff 66 66
0x00007fc0c6e50784:   2e 0f 1f 84 00 00 00 00 00 0f 1f 00 55 48 89 e5
0x00007fc0c6e50794:   41 57 41 56 41 55 41 54 53 48 81 ec 08 02 00 00
0x00007fc0c6e507a4:   64 48 8b 04 25 28 00 00 00 48 89 45 c8 8b 07 83
0x00007fc0c6e507b4:   f8 02 0f 84 11 04 00 00 4c 8b 6f 18 49 89 ff 49
0x00007fc0c6e507c4:   89 f4 4d 85 ed 74 14 4c 89 ef e8 5d 57 22 00 41
0x00007fc0c6e507d4:   8b 07 83 f8 02 0f 84 19 04 00 00 48 8d 1d 9a 06
0x00007fc0c6e507e4:   8a 00 4c 8d 35 0b 3c 58 00 eb 38 90 48 85 d2 7f
0x00007fc0c6e507f4:   0d 48 8d 05 b4 c0 85 00 48 83 38 00 7e 0e 41 8b
0x00007fc0c6e50804:   77 2c 4c 89 f7 31 c0 e8 a0 b2 f7 ff 49 8b 7f 18 


Stack slot to memory mapping:
stack at sp + 0 slots: 0x00007fc0a6818940 is pointing into the stack for thread: 0x00007fc0c00b21e0
stack at sp + 1 slots: 0x00007fc0c00b21e0 is a thread
stack at sp + 2 slots: 0x00007fc0c4c698c8 points into unknown readable memory: 0x65730018052dffff | ff ff 2d 05 18 00 73 65
stack at sp + 3 slots: 0x0000000800c417a0 is a pointer to class: 
jdk.vm.ci.services.Services {0x0000000800c417a0}
 - instance size:     2
 - klass size:        65
 - access:            public final synchronized 
 - state:             fully_initialized
 - name:              'jdk/vm/ci/services/Services'
 - super:             'java/lang/Object'
 - sub:               
 - arrays:            NULL
 - methods:           Array<T>(0x00007fc0a6c43db8)
 - method ordering:   Array<T>(0x0000000800928960)
 - default_methods:   Array<T>(0x0000000000000000)
 - local interfaces:  Array<T>(0x00000008005ce810)
 - trans. interfaces: Array<T>(0x00000008005ce810)
 - constants:         constant pool [427] {0x00007fc0a6c42db8} for 'jdk/vm/ci/services/Services' cache=0x00007fc0a6c45088
 - class loader data:  loader data: 0x00007fc0c00283f0 of 'bootstrap'
 - source file:       'Services.java'
 - class annotations:       Array<T>(0x0000000000000000)
 - class type annotations:  Array<T>(0x0000000000000000)
 - field annotations:       Array<T>(0x0000000000000000)
 - field type annotations:  Array<T>(0x0000000000000000)
 - inner classes:     Array<T>(0x00007fc0a6c45058)
 - nest members:     Array<T>(0x00007fc0a6c45078)
 - permitted subclasses:     Array<T>(0x00000008005ce7a0)
 - java mirror:       a 'java/lang/Class'{0x00000000e02b75d8} = 'jdk/vm/ci/services/Services'
 - vtable length      5  (start addr: 0x0000000800c41970)
 - itable length      2 (start addr: 0x0000000800c41998)
 - ---- static fields (3 words):
 - public static final 'IS_BUILDING_NATIVE_IMAGE' 'Z' @128 
 - public static final 'IS_IN_NATIVE_IMAGE' 'Z' @129 
 - private static volatile 'savedProperties' 'Ljava/util/Map;' @112 
 - static final 'JVMCI_ENABLED' 'Z' @130 
 - private static final 'servicesCache' 'Ljava/util/Map;' @116 
 - private static final 'MAX_UNICODE_IN_UTF8_LENGTH' 'I' @120 
 - private static final 'MAX_UTF8_PROPERTY_STRING_LENGTH' 'I' @124 
 - ---- non-static fields (0 words):
 - non-static oop maps: 
stack at sp + 4 slots: 0x00007fc0a6818500 is pointing into the stack for thread: 0x00007fc0c00b21e0
stack at sp + 5 slots: 0x00007fc0c6e1c2fe: <offset 0x000000000093e2fe> in /nix/store/gpxl5qgg8kicmcvivwmybwjlpf7wh20l-graalvm17-ce-22.3.0/lib/server/libjvm.so at 0x00007fc0c64de000
stack at sp + 6 slots: 0x00007fc0a68183e0 is pointing into the stack for thread: 0x00007fc0c00b21e0
stack at sp + 7 slots: 0x00007fc0a6818440 is pointing into the stack for thread: 0x00007fc0c00b21e0


---------------  P R O C E S S  ---------------

Threads class SMR info:
_java_thread_list=0x00007fc04c0ecf40, length=27, elements={
0x00007fc0c0026690, 0x00007fc0c00a64d0, 0x00007fc0c00a7910, 0x00007fc0c00ae050,
0x00007fc0c00af400, 0x00007fc0c00b07f0, 0x00007fc0c00b21e0, 0x00007fc0c00b36f0,
0x00007fc0c00b4b40, 0x00007fc0c00e0800, 0x00007fc0c0128050, 0x00007fc0c02fd680,
0x00007fc0c0345670, 0x00007fc0c0348970, 0x00007fc05402bdb0, 0x00007fc05443d760,
0x00007fc0544bcec0, 0x00007fc0440010d0, 0x00007fc0546a34a0, 0x00007fc0c0365430,
0x00007fc0c03fb490, 0x00007fc02c190200, 0x00007fc02c12b1c0, 0x00007fc02c1379f0,
0x00007fc02c141350, 0x00007fc02c156040, 0x00007fc040004600
}

Java Threads: ( => current thread )
  0x00007fc0c0026690 JavaThread "main" [_thread_blocked, id=692, stack(0x00007fc0c62f9000,0x00007fc0c63f9000)]
  0x00007fc0c00a64d0 JavaThread "Reference Handler" daemon [_thread_blocked, id=695, stack(0x00007fc0c4310000,0x00007fc0c4410000)]
  0x00007fc0c00a7910 JavaThread "Finalizer" daemon [_thread_blocked, id=696, stack(0x00007fc0c4210000,0x00007fc0c4310000)]
  0x00007fc0c00ae050 JavaThread "Signal Dispatcher" daemon [_thread_blocked, id=697, stack(0x00007fc0c4110000,0x00007fc0c4210000)]
  0x00007fc0c00af400 JavaThread "Service Thread" daemon [_thread_blocked, id=698, stack(0x00007fc0c4010000,0x00007fc0c4110000)]
  0x00007fc0c00b07f0 JavaThread "Monitor Deflation Thread" daemon [_thread_blocked, id=699, stack(0x00007fc0a681a000,0x00007fc0a691a000)]
=>0x00007fc0c00b21e0 JavaThread "JVMCI-native CompilerThread0" daemon [_thread_in_vm, id=700, stack(0x00007fc0a661a000,0x00007fc0a681a000)]
  0x00007fc0c00b36f0 JavaThread "C1 CompilerThread0" daemon [_thread_blocked, id=701, stack(0x00007fc0a641a000,0x00007fc0a661a000)]
  0x00007fc0c00b4b40 JavaThread "Sweeper thread" daemon [_thread_blocked, id=702, stack(0x00007fc0a631a000,0x00007fc0a641a000)]
  0x00007fc0c00e0800 JavaThread "Common-Cleaner" daemon [_thread_blocked, id=703, stack(0x00007fc0a621a000,0x00007fc0a631a000)]
  0x00007fc0c0128050 JavaThread "Notification Thread" daemon [_thread_blocked, id=705, stack(0x00007fc0a611a000,0x00007fc0a621a000)]
  0x00007fc0c02fd680 JavaThread "Active Thread: Equinox Container: 7cae17b9-5183-48dd-b6a1-83f0db2f07a3" [_thread_blocked, id=709, stack(0x00007fc0a4d00000,0x00007fc0a4e00000)]
  0x00007fc0c0345670 JavaThread "Framework Event Dispatcher: Equinox Container: 7cae17b9-5183-48dd-b6a1-83f0db2f07a3" daemon [_thread_blocked, id=710, stack(0x00007fc0a4b00000,0x00007fc0a4c00000)]
  0x00007fc0c0348970 JavaThread "Start Level: Equinox Container: 7cae17b9-5183-48dd-b6a1-83f0db2f07a3" daemon [_thread_blocked, id=711, stack(0x00007fc0a4900000,0x00007fc0a4a00000)]
  0x00007fc05402bdb0 JavaThread "SCR Component Actor" daemon [_thread_blocked, id=712, stack(0x00007fc0a4700000,0x00007fc0a4800000)]
  0x00007fc05443d760 JavaThread "Worker-JM" [_thread_blocked, id=714, stack(0x00007fc0a4300000,0x00007fc0a4400000)]
  0x00007fc0544bcec0 JavaThread "Worker-0: Compacting resource model" [_thread_blocked, id=715, stack(0x00007fc0a4100000,0x00007fc0a4200000)]
  0x00007fc0440010d0 JavaThread "Worker-1: Periodic workspace save." [_thread_blocked, id=716, stack(0x00007fc06db00000,0x00007fc06dc00000)]
  0x00007fc0546a34a0 JavaThread "Bundle File Closer" daemon [_thread_blocked, id=719, stack(0x00007fc06d500000,0x00007fc06d600000)]
  0x00007fc0c0365430 JavaThread "pool-3-thread-1" [_thread_blocked, id=720, stack(0x00007fc06d300000,0x00007fc06d400000)]
  0x00007fc0c03fb490 JavaThread "pool-2-thread-1" [_thread_blocked, id=721, stack(0x00007fc06d100000,0x00007fc06d200000)]
  0x00007fc02c190200 JavaThread "Thread-27" [_thread_blocked, id=749, stack(0x00007fc06cd00000,0x00007fc06ce00000)]
  0x00007fc02c12b1c0 JavaThread "Thread-31" [_thread_blocked, id=753, stack(0x00007fc0a5e00000,0x00007fc0a5f00000)]
  0x00007fc02c1379f0 JavaThread "Thread-33" [_thread_blocked, id=755, stack(0x00007fc0a5c00000,0x00007fc0a5d00000)]
  0x00007fc02c141350 JavaThread "Thread-64" [_thread_blocked, id=786, stack(0x00007fc0a5900000,0x00007fc0a5a00000)]
  0x00007fc02c156040 JavaThread "Thread-69" [_thread_blocked, id=791, stack(0x00007fc0a4600000,0x00007fc0a4700000)]
  0x00007fc040004600 JavaThread "Java indexing" daemon [_thread_blocked, id=811, stack(0x00007fc06d800000,0x00007fc06d900000)]

Other Threads:
  0x00007fc0c00a1c10 VMThread "VM Thread" [stack: 0x00007fc0c4412000,0x00007fc0c4512000] [id=694] _threads_hazard_ptr=0x00007fc04c0ecf40
  0x00007fc0c01299f0 WatcherThread [stack: 0x00007fc0a601a000,0x00007fc0a611a000] [id=706]
  0x00007fc0c003df30 GCTaskThread "GC Thread#0" [stack: 0x00007fc0c5ebc000,0x00007fc0c5fbc000] [id=693]

Threads with active compile tasks:
JVMCI-native CompilerThread0   562795 10843       4       java.lang.AbstractStringBuilder::append (33 bytes)

VM state: synchronizing (normal execution)

VM Mutex/Monitor currently owned by a thread:  ([mutex/lock_event])
[0x00007fc0c0023840] Threads_lock - owner thread: 0x00007fc0c00a1c10
[0x00007fc0c0023ff0] Heap_lock - owner thread: 0x00007fc02c190200

OutOfMemory and StackOverflow Exception counts:
OutOfMemoryError java_heap_errors=4
LinkageErrors=58

Heap address: 0x00000000e0000000, size: 512 MB, Compressed Oops mode: 32-bit

CDS archive(s) mapped at: [0x0000000800000000-0x0000000800bc8000-0x0000000800bc8000), size 12353536, SharedBaseAddress: 0x0000000800000000, ArchiveRelocationMode: 0.
Compressed class space mapped at: 0x0000000800c00000-0x0000000840c00000, reserved size: 1073741824
Narrow klass base: 0x0000000800000000, Narrow klass shift: 0, Narrow klass range: 0x100000000

GC Precious Log:
 CPUs: 8 total, 1 available
 Memory: 1024M
 Large Page Support: Disabled
 NUMA Support: Disabled
 Compressed Oops: Enabled (32-bit)
 Alignments: Space 512K, Generation 512K, Heap 2M
 Heap Min Capacity: 100M
 Heap Initial Capacity: 100M
 Heap Max Capacity: 512M
 Pre-touch: Disabled
 Parallel Workers: 1

Heap:
 PSYoungGen      total 44032K, used 21504K [0x00000000f5580000, 0x00000000f9780000, 0x0000000100000000)
  eden space 21504K, 100% used [0x00000000f5580000,0x00000000f6a80000,0x00000000f6a80000)
  from space 22528K, 0% used [0x00000000f6a80000,0x00000000f6a80000,0x00000000f8080000)
  to   space 21504K, 0% used [0x00000000f8180000,0x00000000f8180000,0x00000000f9680000)
 ParOldGen       total 349696K, used 349695K [0x00000000e0000000, 0x00000000f5580000, 0x00000000f5580000)
  object space 349696K, 99% used [0x00000000e0000000,0x00000000f557ffc8,0x00000000f5580000)
 Metaspace       used 58237K, committed 59136K, reserved 1105920K
  class space    used 5379K, committed 5824K, reserved 1048576K

Card table byte_map: [0x00007fc0c5fbc000,0x00007fc0c60bd000] _byte_map_base: 0x00007fc0c58bc000

Marking Bits: (ParMarkBitMap*) 0x00007fc0c770c4c0
 Begin Bits: [0x00007fc0c4e0f000, 0x00007fc0c560f000)
 End Bits:   [0x00007fc0c560f000, 0x00007fc0c5e0f000)

Polling page: 0x00007fc0c62d6000

Metaspace:

Usage:
  Non-class:     51.62 MB used.
      Class:      5.25 MB used.
       Both:     56.87 MB used.

Virtual space:
  Non-class space:       56.00 MB reserved,      52.06 MB ( 93%) committed,  7 nodes.
      Class space:        1.00 GB reserved,       5.69 MB ( <1%) committed,  1 nodes.
             Both:        1.05 GB reserved,      57.75 MB (  5%) committed. 

Chunk freelists:
   Non-Class:  3.68 MB
       Class:  2.30 MB
        Both:  5.98 MB

MaxMetaspaceSize: unlimited
CompressedClassSpaceSize: 1.00 GB
Initial GC threshold: 21.00 MB
Current GC threshold: 96.25 MB
CDS: on
MetaspaceReclaimPolicy: balanced
 - commit_granule_bytes: 65536.
 - commit_granule_words: 8192.
 - virtual_space_node_default_size: 1048576.
 - enlarge_chunks_in_place: 1.
 - new_chunks_are_fully_committed: 0.
 - uncommit_free_chunks: 1.
 - use_allocation_guard: 0.
 - handle_deallocations: 1.


Internal statistics:

num_allocs_failed_limit: 6.
num_arena_births: 498.
num_arena_deaths: 148.
num_vsnodes_births: 8.
num_vsnodes_deaths: 0.
num_space_committed: 920.
num_space_uncommitted: 0.
num_chunks_returned_to_freelist: 208.
num_chunks_taken_from_freelist: 3018.
num_chunk_merges: 78.
num_chunk_splits: 1896.
num_chunks_enlarged: 1144.
num_purges: 10.
num_inconsistent_stats: 0.

CodeHeap 'non-profiled nmethods': size=120036Kb used=3229Kb max_used=3229Kb free=116806Kb
 bounds [0x00007fc0aef7a000, 0x00007fc0af2aa000, 0x00007fc0b64b3000]
CodeHeap 'profiled nmethods': size=120032Kb used=19146Kb max_used=20218Kb free=100885Kb
 bounds [0x00007fc0a7a42000, 0x00007fc0a8e02000, 0x00007fc0aef7a000]
CodeHeap 'non-nmethods': size=5692Kb used=1373Kb max_used=1381Kb free=4319Kb
 bounds [0x00007fc0a74b3000, 0x00007fc0a7723000, 0x00007fc0a7a42000]
 total_blobs=8987 nmethods=8279 adapters=592
 compilation: enabled
              stopped_count=0, restarted_count=0
 full_count=0

JVMCI Events (20 events):
Event: 419.956 Thread 0x00007fc0c00b21e0 compacted oop handles in JVMCI runtime 0 from 110 to 110
Event: 419.956 Thread 0x00007fc0c00b21e0 releasing handles for JVMCI runtime 0: oop handles=110, metadata handles={total=244, live=235, blocks=31}
Event: 419.956 Thread 0x00007fc0c00b21e0 detached from JVMCI runtime 0
Event: 458.264 Thread 0x00007fc0c00b21e0 attached to JVMCI runtime 0
Event: 458.265 Thread 0x00007fc0c00b21e0 created JavaVM[6]@0x00007fc013a9e340 for JVMCI runtime 0
Event: 458.265 Thread 0x00007fc0c00b21e0 initializing JVMCI runtime 0
Event: 458.265 Thread 0x00007fc0c00b21e0 done waiting for JavaVM references initialization in JVMCI runtime 0
Event: 495.574 Thread 0x00007fc0c00b21e0 initialized JVMCI runtime 0
Event: 499.385 Thread 0x00007fc0c00b21e0 compacted oop handles in JVMCI runtime 0 from 51 to 49
Event: 500.628 Thread 0x00007fc0c00b21e0 detaching from JVMCI runtime 0: releasing idle compiler thread (0 other threads still attached)
Event: 500.628 Thread 0x00007fc0c00b21e0 shutting down HotSpotJVMCIRuntime for JVMCI runtime 0
Event: 500.628 Thread 0x00007fc0c00b21e0 shut down JVMCI runtime 0
Event: 501.865 Thread 0x00007fc0c00b21e0 destroyed JavaVM[6]@0x00007fc013a9e340 for JVMCI runtime 0
Event: 501.865 Thread 0x00007fc0c00b21e0 compacted oop handles in JVMCI runtime 0 from 49 to 49
Event: 501.865 Thread 0x00007fc0c00b21e0 releasing handles for JVMCI runtime 0: oop handles=49, metadata handles={total=96, live=86, blocks=31}
Event: 501.865 Thread 0x00007fc0c00b21e0 detached from JVMCI runtime 0
Event: 530.966 Thread 0x00007fc0c00b21e0 attached to JVMCI runtime 0
Event: 530.967 Thread 0x00007fc0c00b21e0 created JavaVM[7]@0x00007fc013a9e340 for JVMCI runtime 0
Event: 530.967 Thread 0x00007fc0c00b21e0 initializing JVMCI runtime 0
Event: 530.967 Thread 0x00007fc0c00b21e0 done waiting for JavaVM references initialization in JVMCI runtime 0

Compilation events (20 events):
Event: 210.375 Thread 0x00007fc0c00b21e0 nmethod 10834 0x00007fc0af29e390 code [0x00007fc0af29e5a0, 0x00007fc0af29f3a0]
Event: 215.984 Thread 0x00007fc0c00b36f0 10835       1       java.util.concurrent.atomic.AtomicInteger::get (5 bytes)
Event: 215.984 Thread 0x00007fc0c00b36f0 nmethod 10835 0x00007fc0af29f490 code [0x00007fc0af29f620, 0x00007fc0af29f6f0]
Event: 280.494 Thread 0x00007fc0c00b21e0 10836       4       java.util.concurrent.locks.AbstractQueuedSynchronizer$ConditionObject::signal (34 bytes)
Event: 291.898 Thread 0x00007fc0c00b21e0 nmethod 10836 0x00007fc0af29f790 code [0x00007fc0af29f900, 0x00007fc0af29f9e8]
Event: 324.958 Thread 0x00007fc0c00b36f0 10837       3       jdk.internal.misc.InnocuousThread::eraseThreadLocals (23 bytes)
Event: 324.958 Thread 0x00007fc0c00b36f0 nmethod 10837 0x00007fc0a8824b90 code [0x00007fc0a8824d20, 0x00007fc0a8824e70]
Event: 377.389 Thread 0x00007fc0c00b21e0 10838   !   4       org.eclipse.osgi.storage.StorageUtil::getBytes (169 bytes)
Event: 407.564 Thread 0x00007fc0c00b36f0 10839       3       java.util.concurrent.ThreadPoolExecutor::runStateAtLeast (11 bytes)
Event: 407.564 Thread 0x00007fc0c00b36f0 nmethod 10839 0x00007fc0a8824810 code [0x00007fc0a88249a0, 0x00007fc0a8824af0]
Event: 418.672 Thread 0x00007fc0c00b21e0 nmethod 10838 0x00007fc0af29fb10 code [0x00007fc0af29fd00, 0x00007fc0af2a06e0]
Event: 458.264 Thread 0x00007fc0c00b21e0 10840   !   4       java.nio.DirectIntBufferU::get (34 bytes)
Event: 499.385 Thread 0x00007fc0c00b21e0 nmethod 10840 0x00007fc0af2a1110 code [0x00007fc0af2a1280, 0x00007fc0af2a1328]
Event: 504.364 Thread 0x00007fc0c00b36f0 10841       3       com.sun.org.apache.xerces.internal.dom.NamedNodeMapImpl::getNamedItem (29 bytes)
Event: 508.369 Thread 0x00007fc0c00b36f0 nmethod 10841 0x00007fc0a8ad8d10 code [0x00007fc0a8ad8ee0, 0x00007fc0a8ad9710]
Event: 511.892 Thread 0x00007fc0c00b36f0 10842       3       java.util.concurrent.locks.LockSupport::setBlocker (12 bytes)
Event: 511.893 Thread 0x00007fc0c00b36f0 nmethod 10842 0x00007fc0a8ad8910 code [0x00007fc0a8ad8ac0, 0x00007fc0a8ad8be0]
Event: 530.966 Thread 0x00007fc0c00b21e0 10843       4       java.lang.AbstractStringBuilder::append (33 bytes)
Event: 547.686 Thread 0x00007fc0c00b36f0 10845       1       jdk.xml.internal.XMLSecurityManager$Limit::systemProperty (5 bytes)
Event: 547.687 Thread 0x00007fc0c00b36f0 nmethod 10845 0x00007fc0af2a1410 code [0x00007fc0af2a15a0, 0x00007fc0af2a1670]

GC Heap History (20 events):
Event: 550.136 GC heap before
{Heap before GC invocations=460 (full 359):
 PSYoungGen      total 44032K, used 21504K [0x00000000f5580000, 0x00000000f9780000, 0x0000000100000000)
  eden space 21504K, 100% used [0x00000000f5580000,0x00000000f6a80000,0x00000000f6a80000)
  from space 22528K, 0% used [0x00000000f6a80000,0x00000000f6a80000,0x00000000f8080000)
  to   space 21504K, 0% used [0x00000000f8180000,0x00000000f8180000,0x00000000f9680000)
 ParOldGen       total 349696K, used 349690K [0x00000000e0000000, 0x00000000f5580000, 0x00000000f5580000)
  object space 349696K, 99% used [0x00000000e0000000,0x00000000f557ea08,0x00000000f5580000)
 Metaspace       used 58237K, committed 59136K, reserved 1105920K
  class space    used 5379K, committed 5824K, reserved 1048576K
}
Event: 551.358 GC heap after
{Heap after GC invocations=460 (full 359):
 PSYoungGen      total 43008K, used 21503K [0x00000000f5580000, 0x00000000f9780000, 0x0000000100000000)
  eden space 21504K, 99% used [0x00000000f5580000,0x00000000f6a7ffe0,0x00000000f6a80000)
  from space 21504K, 0% used [0x00000000f8180000,0x00000000f8180000,0x00000000f9680000)
  to   space 22528K, 0% used [0x00000000f6a80000,0x00000000f6a80000,0x00000000f8080000)
 ParOldGen       total 349696K, used 349690K [0x00000000e0000000, 0x00000000f5580000, 0x00000000f5580000)
  object space 349696K, 99% used [0x00000000e0000000,0x00000000f557ea08,0x00000000f5580000)
 Metaspace       used 58237K, committed 59136K, reserved 1105920K
  class space    used 5379K, committed 5824K, reserved 1048576K
}
Event: 551.359 GC heap before
{Heap before GC invocations=461 (full 360):
 PSYoungGen      total 43008K, used 21503K [0x00000000f5580000, 0x00000000f9780000, 0x0000000100000000)
  eden space 21504K, 99% used [0x00000000f5580000,0x00000000f6a7fff8,0x00000000f6a80000)
  from space 21504K, 0% used [0x00000000f8180000,0x00000000f8180000,0x00000000f9680000)
  to   space 22528K, 0% used [0x00000000f6a80000,0x00000000f6a80000,0x00000000f8080000)
 ParOldGen       total 349696K, used 349690K [0x00000000e0000000, 0x00000000f5580000, 0x00000000f5580000)
  object space 349696K, 99% used [0x00000000e0000000,0x00000000f557ea08,0x00000000f5580000)
 Metaspace       used 58237K, committed 59136K, reserved 1105920K
  class space    used 5379K, committed 5824K, reserved 1048576K
}
Event: 552.569 GC heap after
{Heap after GC invocations=461 (full 360):
 PSYoungGen      total 44032K, used 21503K [0x00000000f5580000, 0x00000000f9780000, 0x0000000100000000)
  eden space 21504K, 99% used [0x00000000f5580000,0x00000000f6a7fff8,0x00000000f6a80000)
  from space 22528K, 0% used [0x00000000f6a80000,0x00000000f6a80000,0x00000000f8080000)
  to   space 21504K, 0% used [0x00000000f8180000,0x00000000f8180000,0x00000000f9680000)
 ParOldGen       total 349696K, used 349690K [0x00000000e0000000, 0x00000000f5580000, 0x00000000f5580000)
  object space 349696K, 99% used [0x00000000e0000000,0x00000000f557ea08,0x00000000f5580000)
 Metaspace       used 58237K, committed 59136K, reserved 1105920K
  class space    used 5379K, committed 5824K, reserved 1048576K
}
Event: 552.570 GC heap before
{Heap before GC invocations=462 (full 361):
 PSYoungGen      total 44032K, used 21503K [0x00000000f5580000, 0x00000000f9780000, 0x0000000100000000)
  eden space 21504K, 99% used [0x00000000f5580000,0x00000000f6a7fff8,0x00000000f6a80000)
  from space 22528K, 0% used [0x00000000f6a80000,0x00000000f6a80000,0x00000000f8080000)
  to   space 21504K, 0% used [0x00000000f8180000,0x00000000f8180000,0x00000000f9680000)
 ParOldGen       total 349696K, used 349693K [0x00000000e0000000, 0x00000000f5580000, 0x00000000f5580000)
  object space 349696K, 99% used [0x00000000e0000000,0x00000000f557f498,0x00000000f5580000)
 Metaspace       used 58237K, committed 59136K, reserved 1105920K
  class space    used 5379K, committed 5824K, reserved 1048576K
}
Event: 553.781 GC heap after
{Heap after GC invocations=462 (full 361):
 PSYoungGen      total 43008K, used 21503K [0x00000000f5580000, 0x00000000f9780000, 0x0000000100000000)
  eden space 21504K, 99% used [0x00000000f5580000,0x00000000f6a7fdb8,0x00000000f6a80000)
  from space 21504K, 0% used [0x00000000f8180000,0x00000000f8180000,0x00000000f9680000)
  to   space 22528K, 0% used [0x00000000f6a80000,0x00000000f6a80000,0x00000000f8080000)
 ParOldGen       total 349696K, used 349693K [0x00000000e0000000, 0x00000000f5580000, 0x00000000f5580000)
  object space 349696K, 99% used [0x00000000e0000000,0x00000000f557f438,0x00000000f5580000)
 Metaspace       used 58237K, committed 59136K, reserved 1105920K
  class space    used 5379K, committed 5824K, reserved 1048576K
}
Event: 553.781 GC heap before
{Heap before GC invocations=463 (full 362):
 PSYoungGen      total 43008K, used 21503K [0x00000000f5580000, 0x00000000f9780000, 0x0000000100000000)
  eden space 21504K, 99% used [0x00000000f5580000,0x00000000f6a7ffc8,0x00000000f6a80000)
  from space 21504K, 0% used [0x00000000f8180000,0x00000000f8180000,0x00000000f9680000)
  to   space 22528K, 0% used [0x00000000f6a80000,0x00000000f6a80000,0x00000000f8080000)
 ParOldGen       total 349696K, used 349693K [0x00000000e0000000, 0x00000000f5580000, 0x00000000f5580000)
  object space 349696K, 99% used [0x00000000e0000000,0x00000000f557f438,0x00000000f5580000)
 Metaspace       used 58237K, committed 59136K, reserved 1105920K
  class space    used 5379K, committed 5824K, reserved 1048576K
}
Event: 554.983 GC heap after
{Heap after GC invocations=463 (full 362):
 PSYoungGen      total 44032K, used 21503K [0x00000000f5580000, 0x00000000f9780000, 0x0000000100000000)
  eden space 21504K, 99% used [0x00000000f5580000,0x00000000f6a7ffb0,0x00000000f6a80000)
  from space 22528K, 0% used [0x00000000f6a80000,0x00000000f6a80000,0x00000000f8080000)
  to   space 21504K, 0% used [0x00000000f8180000,0x00000000f8180000,0x00000000f9680000)
 ParOldGen       total 349696K, used 349693K [0x00000000e0000000, 0x00000000f5580000, 0x00000000f5580000)
  object space 349696K, 99% used [0x00000000e0000000,0x00000000f557f420,0x00000000f5580000)
 Metaspace       used 58237K, committed 59136K, reserved 1105920K
  class space    used 5379K, committed 5824K, reserved 1048576K
}
Event: 554.984 GC heap before
{Heap before GC invocations=464 (full 363):
 PSYoungGen      total 44032K, used 21504K [0x00000000f5580000, 0x00000000f9780000, 0x0000000100000000)
  eden space 21504K, 100% used [0x00000000f5580000,0x00000000f6a80000,0x00000000f6a80000)
  from space 22528K, 0% used [0x00000000f6a80000,0x00000000f6a80000,0x00000000f8080000)
  to   space 21504K, 0% used [0x00000000f8180000,0x00000000f8180000,0x00000000f9680000)
 ParOldGen       total 349696K, used 349694K [0x00000000e0000000, 0x00000000f5580000, 0x00000000f5580000)
  object space 349696K, 99% used [0x00000000e0000000,0x00000000f557fbc8,0x00000000f5580000)
 Metaspace       used 58237K, committed 59136K, reserved 1105920K
  class space    used 5379K, committed 5824K, reserved 1048576K
}
Event: 556.384 GC heap after
{Heap after GC invocations=464 (full 363):
 PSYoungGen      total 43008K, used 21503K [0x00000000f5580000, 0x00000000f9780000, 0x0000000100000000)
  eden space 21504K, 99% used [0x00000000f5580000,0x00000000f6a7ff98,0x00000000f6a80000)
  from space 21504K, 0% used [0x00000000f8180000,0x00000000f8180000,0x00000000f9680000)
  to   space 22528K, 0% used [0x00000000f6a80000,0x00000000f6a80000,0x00000000f8080000)
 ParOldGen       total 349696K, used 349693K [0x00000000e0000000, 0x00000000f5580000, 0x00000000f5580000)
  object space 349696K, 99% used [0x00000000e0000000,0x00000000f557f7f8,0x00000000f5580000)
 Metaspace       used 58237K, committed 59136K, reserved 1105920K
  class space    used 5379K, committed 5824K, reserved 1048576K
}
Event: 556.384 GC heap before
{Heap before GC invocations=465 (full 364):
 PSYoungGen      total 43008K, used 21503K [0x00000000f5580000, 0x00000000f9780000, 0x0000000100000000)
  eden space 21504K, 99% used [0x00000000f5580000,0x00000000f6a7fff8,0x00000000f6a80000)
  from space 21504K, 0% used [0x00000000f8180000,0x00000000f8180000,0x00000000f9680000)
  to   space 22528K, 0% used [0x00000000f6a80000,0x00000000f6a80000,0x00000000f8080000)
 ParOldGen       total 349696K, used 349693K [0x00000000e0000000, 0x00000000f5580000, 0x00000000f5580000)
  object space 349696K, 99% used [0x00000000e0000000,0x00000000f557f7f8,0x00000000f5580000)
 Metaspace       used 58237K, committed 59136K, reserved 1105920K
  class space    used 5379K, committed 5824K, reserved 1048576K
}
Event: 557.704 GC heap after
{Heap after GC invocations=465 (full 364):
 PSYoungGen      total 44032K, used 21503K [0x00000000f5580000, 0x00000000f9780000, 0x0000000100000000)
  eden space 21504K, 99% used [0x00000000f5580000,0x00000000f6a7fff8,0x00000000f6a80000)
  from space 22528K, 0% used [0x00000000f6a80000,0x00000000f6a80000,0x00000000f8080000)
  to   space 21504K, 0% used [0x00000000f8180000,0x00000000f8180000,0x00000000f9680000)
 ParOldGen       total 349696K, used 349693K [0x00000000e0000000, 0x00000000f5580000, 0x00000000f5580000)
  object space 349696K, 99% used [0x00000000e0000000,0x00000000f557f7d8,0x00000000f5580000)
 Metaspace       used 58237K, committed 59136K, reserved 1105920K
  class space    used 5379K, committed 5824K, reserved 1048576K
}
Event: 557.706 GC heap before
{Heap before GC invocations=466 (full 365):
 PSYoungGen      total 44032K, used 21503K [0x00000000f5580000, 0x00000000f9780000, 0x0000000100000000)
  eden space 21504K, 99% used [0x00000000f5580000,0x00000000f6a7fff8,0x00000000f6a80000)
  from space 22528K, 0% used [0x00000000f6a80000,0x00000000f6a80000,0x00000000f8080000)
  to   space 21504K, 0% used [0x00000000f8180000,0x00000000f8180000,0x00000000f9680000)
 ParOldGen       total 349696K, used 349695K [0x00000000e0000000, 0x00000000f5580000, 0x00000000f5580000)
  object space 349696K, 99% used [0x00000000e0000000,0x00000000f557fff8,0x00000000f5580000)
 Metaspace       used 58237K, committed 59136K, reserved 1105920K
  class space    used 5379K, committed 5824K, reserved 1048576K
}
Event: 559.001 GC heap after
{Heap after GC invocations=466 (full 365):
 PSYoungGen      total 43008K, used 21503K [0x00000000f5580000, 0x00000000f9780000, 0x0000000100000000)
  eden space 21504K, 99% used [0x00000000f5580000,0x00000000f6a7ffd8,0x00000000f6a80000)
  from space 21504K, 0% used [0x00000000f8180000,0x00000000f8180000,0x00000000f9680000)
  to   space 22528K, 0% used [0x00000000f6a80000,0x00000000f6a80000,0x00000000f8080000)
 ParOldGen       total 349696K, used 349693K [0x00000000e0000000, 0x00000000f5580000, 0x00000000f5580000)
  object space 349696K, 99% used [0x00000000e0000000,0x00000000f557f7e0,0x00000000f5580000)
 Metaspace       used 58237K, committed 59136K, reserved 1105920K
  class space    used 5379K, committed 5824K, reserved 1048576K
}
Event: 559.001 GC heap before
{Heap before GC invocations=467 (full 366):
 PSYoungGen      total 43008K, used 21503K [0x00000000f5580000, 0x00000000f9780000, 0x0000000100000000)
  eden space 21504K, 99% used [0x00000000f5580000,0x00000000f6a7fff8,0x00000000f6a80000)
  from space 21504K, 0% used [0x00000000f8180000,0x00000000f8180000,0x00000000f9680000)
  to   space 22528K, 0% used [0x00000000f6a80000,0x00000000f6a80000,0x00000000f8080000)
 ParOldGen       total 349696K, used 349693K [0x00000000e0000000, 0x00000000f5580000, 0x00000000f5580000)
  object space 349696K, 99% used [0x00000000e0000000,0x00000000f557f7e0,0x00000000f5580000)
 Metaspace       used 58237K, committed 59136K, reserved 1105920K
  class space    used 5379K, committed 5824K, reserved 1048576K
}
Event: 560.178 GC heap after
{Heap after GC invocations=467 (full 366):
 PSYoungGen      total 44032K, used 21503K [0x00000000f5580000, 0x00000000f9780000, 0x0000000100000000)
  eden space 21504K, 99% used [0x00000000f5580000,0x00000000f6a7fff8,0x00000000f6a80000)
  from space 22528K, 0% used [0x00000000f6a80000,0x00000000f6a80000,0x00000000f8080000)
  to   space 21504K, 0% used [0x00000000f8180000,0x00000000f8180000,0x00000000f9680000)
 ParOldGen       total 349696K, used 349693K [0x00000000e0000000, 0x00000000f5580000, 0x00000000f5580000)
  object space 349696K, 99% used [0x00000000e0000000,0x00000000f557f7e0,0x00000000f5580000)
 Metaspace       used 58237K, committed 59136K, reserved 1105920K
  class space    used 5379K, committed 5824K, reserved 1048576K
}
Event: 560.179 GC heap before
{Heap before GC invocations=468 (full 367):
 PSYoungGen      total 44032K, used 21503K [0x00000000f5580000, 0x00000000f9780000, 0x0000000100000000)
  eden space 21504K, 99% used [0x00000000f5580000,0x00000000f6a7fff8,0x00000000f6a80000)
  from space 22528K, 0% used [0x00000000f6a80000,0x00000000f6a80000,0x00000000f8080000)
  to   space 21504K, 0% used [0x00000000f8180000,0x00000000f8180000,0x00000000f9680000)
 ParOldGen       total 349696K, used 349694K [0x00000000e0000000, 0x00000000f5580000, 0x00000000f5580000)
  object space 349696K, 99% used [0x00000000e0000000,0x00000000f557f860,0x00000000f5580000)
 Metaspace       used 58237K, committed 59136K, reserved 1105920K
  class space    used 5379K, committed 5824K, reserved 1048576K
}
Event: 561.455 GC heap after
{Heap after GC invocations=468 (full 367):
 PSYoungGen      total 43008K, used 21503K [0x00000000f5580000, 0x00000000f9780000, 0x0000000100000000)
  eden space 21504K, 99% used [0x00000000f5580000,0x00000000f6a7ffd8,0x00000000f6a80000)
  from space 21504K, 0% used [0x00000000f8180000,0x00000000f8180000,0x00000000f9680000)
  to   space 22528K, 0% used [0x00000000f6a80000,0x00000000f6a80000,0x00000000f8080000)
 ParOldGen       total 349696K, used 349694K [0x00000000e0000000, 0x00000000f5580000, 0x00000000f5580000)
  object space 349696K, 99% used [0x00000000e0000000,0x00000000f557f800,0x00000000f5580000)
 Metaspace       used 58237K, committed 59136K, reserved 1105920K
  class space    used 5379K, committed 5824K, reserved 1048576K
}
Event: 561.456 GC heap before
{Heap before GC invocations=469 (full 368):
 PSYoungGen      total 43008K, used 21503K [0x00000000f5580000, 0x00000000f9780000, 0x0000000100000000)
  eden space 21504K, 99% used [0x00000000f5580000,0x00000000f6a7ffd8,0x00000000f6a80000)
  from space 21504K, 0% used [0x00000000f8180000,0x00000000f8180000,0x00000000f9680000)
  to   space 22528K, 0% used [0x00000000f6a80000,0x00000000f6a80000,0x00000000f8080000)
 ParOldGen       total 349696K, used 349694K [0x00000000e0000000, 0x00000000f5580000, 0x00000000f5580000)
  object space 349696K, 99% used [0x00000000e0000000,0x00000000f557f800,0x00000000f5580000)
 Metaspace       used 58237K, committed 59136K, reserved 1105920K
  class space    used 5379K, committed 5824K, reserved 1048576K
}
Event: 562.699 GC heap after
{Heap after GC invocations=469 (full 368):
 PSYoungGen      total 44032K, used 21503K [0x00000000f5580000, 0x00000000f9780000, 0x0000000100000000)
  eden space 21504K, 99% used [0x00000000f5580000,0x00000000f6a7ff28,0x00000000f6a80000)
  from space 22528K, 0% used [0x00000000f6a80000,0x00000000f6a80000,0x00000000f8080000)
  to   space 21504K, 0% used [0x00000000f8180000,0x00000000f8180000,0x00000000f9680000)
 ParOldGen       total 349696K, used 349693K [0x00000000e0000000, 0x00000000f5580000, 0x00000000f5580000)
  object space 349696K, 99% used [0x00000000e0000000,0x00000000f557f4d8,0x00000000f5580000)
 Metaspace       used 58237K, committed 59136K, reserved 1105920K
  class space    used 5379K, committed 5824K, reserved 1048576K
}

Dll operation events (8 events):
Event: 0.005 Loaded shared library /nix/store/gpxl5qgg8kicmcvivwmybwjlpf7wh20l-graalvm17-ce-22.3.0/lib/libjava.so
Event: 0.018 Loaded shared library /nix/store/gpxl5qgg8kicmcvivwmybwjlpf7wh20l-graalvm17-ce-22.3.0/lib/libjsvml.so
Event: 0.311 Loaded shared library /nix/store/gpxl5qgg8kicmcvivwmybwjlpf7wh20l-graalvm17-ce-22.3.0/lib/libnio.so
Event: 0.315 Loaded shared library /nix/store/gpxl5qgg8kicmcvivwmybwjlpf7wh20l-graalvm17-ce-22.3.0/lib/libzip.so
Event: 0.318 Loaded shared library /nix/store/gpxl5qgg8kicmcvivwmybwjlpf7wh20l-graalvm17-ce-22.3.0/lib/libjvmcicompiler.so
Event: 0.694 Loaded shared library /nix/store/gpxl5qgg8kicmcvivwmybwjlpf7wh20l-graalvm17-ce-22.3.0/lib/libjimage.so
Event: 2.410 Loaded shared library /nix/store/gpxl5qgg8kicmcvivwmybwjlpf7wh20l-graalvm17-ce-22.3.0/lib/libnet.so
Event: 3.678 Loaded shared library /home/runner/.cache/jdt-language-server/config/org.eclipse.equinox.launcher/org.eclipse.equinox.launcher.gtk.linux.x86_64_1.2.400.v20211117-0650/eclipse_11600.so

Deoptimization events (20 events):
Event: 138.875 Thread 0x00007fc02c144360 DEOPT PACKING pc=0x00007fc0af20f485 sp=0x00007fc0a53fdc90
Event: 138.875 Thread 0x00007fc02c144360 DEOPT UNPACKING pc=0x00007fc0a7505325 sp=0x00007fc0a53fd130 mode 3
Event: 138.875 Thread 0x00007fc02c144360 Uncommon trap: trap_request=0xffffffcd fr.pc=0x00007fc0af178fa7 relative=0x0000000000000287
Event: 138.875 Thread 0x00007fc02c144360 Uncommon trap: reason=intrinsic_or_type_checked_inlining action=reinterpret pc=0x00007fc0af178fa7 method=org.eclipse.jdt.internal.compiler.parser.Scanner.areRestrictedModuleKeywordsActive()Z @ 19 jvmci
Event: 138.875 Thread 0x00007fc02c144360 DEOPT PACKING pc=0x00007fc0af178fa7 sp=0x00007fc0a53fdcb0
Event: 138.875 Thread 0x00007fc02c144360 DEOPT UNPACKING pc=0x00007fc0a7505325 sp=0x00007fc0a53fd0e8 mode 3
Event: 139.382 Thread 0x00007fc02c131910 Uncommon trap: trap_request=0xffffffcd fr.pc=0x00007fc0af189110 relative=0x0000000000000a90
Event: 139.382 Thread 0x00007fc02c131910 Uncommon trap: reason=intrinsic_or_type_checked_inlining action=reinterpret pc=0x00007fc0af189110 method=org.eclipse.jdt.internal.compiler.util.HashtableOfObjectToInt.put(Ljava/lang/Object;I)I @ 0 jvmci
Event: 139.382 Thread 0x00007fc02c131910 DEOPT PACKING pc=0x00007fc0af189110 sp=0x00007fc06b8fdb80
Event: 139.382 Thread 0x00007fc02c131910 DEOPT UNPACKING pc=0x00007fc0a7505325 sp=0x00007fc06b8fd060 mode 3
Event: 139.453 Thread 0x00007fc02c131910 Uncommon trap: trap_request=0xffffffed fr.pc=0x00007fc0af17ecc1 relative=0x0000000000000161
Event: 139.453 Thread 0x00007fc02c131910 Uncommon trap: reason=null_assert_or_unreached0 action=reinterpret pc=0x00007fc0af17ecc1 method=org.eclipse.jdt.internal.core.JavaElement.getAncestor(I)Lorg/eclipse/jdt/core/IJavaElement; @ 24 jvmci
Event: 139.453 Thread 0x00007fc02c131910 DEOPT PACKING pc=0x00007fc0af17ecc1 sp=0x00007fc06b8fdcd0
Event: 139.453 Thread 0x00007fc02c131910 DEOPT UNPACKING pc=0x00007fc0a7505325 sp=0x00007fc06b8fd180 mode 3
Event: 141.057 Thread 0x00007fc02c131910 DEOPT PACKING pc=0x00007fc0a7f1195c sp=0x00007fc06b8fd960
Event: 141.057 Thread 0x00007fc02c131910 DEOPT UNPACKING pc=0x00007fc0a7505325 sp=0x00007fc06b8fce08 mode 0
Event: 441.058 Thread 0x00007fc0440010d0 Uncommon trap: trap_request=0xffffffed fr.pc=0x00007fc0af0bb7c9 relative=0x0000000000000549
Event: 441.058 Thread 0x00007fc0440010d0 Uncommon trap: reason=null_assert_or_unreached0 action=reinterpret pc=0x00007fc0af0bb7c9 method=java.util.concurrent.locks.AbstractQueuedSynchronizer.compareAndSetState(II)Z @ 12 jvmci
Event: 441.058 Thread 0x00007fc0440010d0 DEOPT PACKING pc=0x00007fc0af0bb7c9 sp=0x00007fc06dbfd6c0
Event: 441.058 Thread 0x00007fc0440010d0 DEOPT UNPACKING pc=0x00007fc0a7505325 sp=0x00007fc06dbfc970 mode 3

Classes unloaded (20 events):
Event: 95.518 Thread 0x00007fc0c00a1c10 Unloading class 0x0000000800d88c00 'java/lang/invoke/LambdaForm$MH+0x0000000800d88c00'
Event: 95.518 Thread 0x00007fc0c00a1c10 Unloading class 0x0000000800d88800 'java/lang/invoke/LambdaForm$MH+0x0000000800d88800'
Event: 95.518 Thread 0x00007fc0c00a1c10 Unloading class 0x0000000800d88000 'jdk/internal/reflect/GeneratedConstructorAccessor3'
Event: 95.518 Thread 0x00007fc0c00a1c10 Unloading class 0x0000000800cb2800 'java/lang/invoke/LambdaForm$MH+0x0000000800cb2800'
Event: 95.518 Thread 0x00007fc0c00a1c10 Unloading class 0x0000000800cb2000 'java/lang/invoke/LambdaForm$MH+0x0000000800cb2000'
Event: 95.518 Thread 0x00007fc0c00a1c10 Unloading class 0x0000000800cb1c00 'java/lang/invoke/LambdaForm$MH+0x0000000800cb1c00'
Event: 95.518 Thread 0x00007fc0c00a1c10 Unloading class 0x0000000800cb1800 'java/lang/invoke/LambdaForm$MH+0x0000000800cb1800'
Event: 95.518 Thread 0x00007fc0c00a1c10 Unloading class 0x0000000800cb1000 'java/lang/invoke/LambdaForm$MH+0x0000000800cb1000'
Event: 95.518 Thread 0x00007fc0c00a1c10 Unloading class 0x0000000800cb0c00 'java/lang/invoke/LambdaForm$MH+0x0000000800cb0c00'
Event: 95.518 Thread 0x00007fc0c00a1c10 Unloading class 0x0000000800cb0800 'java/lang/invoke/LambdaForm$MH+0x0000000800cb0800'
Event: 95.518 Thread 0x00007fc0c00a1c10 Unloading class 0x0000000800cb0000 'java/lang/invoke/LambdaForm$MH+0x0000000800cb0000'
Event: 95.518 Thread 0x00007fc0c00a1c10 Unloading class 0x0000000800c85000 'jdk/internal/reflect/GeneratedMethodAccessor5'
Event: 95.518 Thread 0x00007fc0c00a1c10 Unloading class 0x0000000800c84c00 'jdk/internal/reflect/GeneratedMethodAccessor4'
Event: 95.518 Thread 0x00007fc0c00a1c10 Unloading class 0x0000000800c84800 'jdk/internal/reflect/GeneratedMethodAccessor3'
Event: 95.518 Thread 0x00007fc0c00a1c10 Unloading class 0x0000000800c84400 'jdk/internal/reflect/GeneratedMethodAccessor2'
Event: 95.518 Thread 0x00007fc0c00a1c10 Unloading class 0x0000000800c84000 'jdk/internal/reflect/GeneratedMethodAccessor1'
Event: 95.518 Thread 0x00007fc0c00a1c10 Unloading class 0x0000000800c01c00 'java/lang/invoke/LambdaForm$DMH+0x0000000800c01c00'
Event: 128.301 Thread 0x00007fc0c00a1c10 Unloading class 0x000000080119cc00 'jdk/internal/reflect/GeneratedConstructorAccessor37'
Event: 288.887 Thread 0x00007fc0c00a1c10 Unloading class 0x000000080119cc00 'jdk/internal/reflect/GeneratedConstructorAccessor38'
Event: 292.814 Thread 0x00007fc0c00a1c10 Unloading class 0x0000000801101c00 'jdk/internal/reflect/GeneratedConstructorAccessor40'

Classes redefined (0 events):
No events

Internal exceptions (20 events):
Event: 30.239 Thread 0x00007fc0440072f0 Implicit null exception at 0x00007fc0af121c39 to 0x00007fc0af1251a5
Event: 37.419 Thread 0x00007fc02c190200 Exception <a 'java/io/FileNotFoundException'{0x00000000f57ba5c0}> (0x00000000f57ba5c0) 
thrown [src/hotspot/share/prims/jni.cpp, line 516]
Event: 38.060 Thread 0x00007fc02c190200 Exception <a 'java/lang/ClassNotFoundException'{0x00000000f646b6c0}: sun/util/logging/resources/spi/loggingProvider> (0x00000000f646b6c0) 
thrown [src/hotspot/share/classfile/systemDictionary.cpp, line 256]
Event: 44.167 Thread 0x00007fc02c18edd0 Implicit null exception at 0x00007fc0af1b8ca0 to 0x00007fc0af1b8f79
Event: 44.353 Thread 0x00007fc02c18edd0 Implicit null exception at 0x00007fc0af1949b3 to 0x00007fc0af194d44
Event: 44.967 Thread 0x00007fc02c190200 Exception <a 'java/io/FileNotFoundException'{0x00000000f688fb08}> (0x00000000f688fb08) 
thrown [src/hotspot/share/prims/jni.cpp, line 516]
Event: 47.486 Thread 0x00007fc0546b5880 Implicit null exception at 0x00007fc0af13b030 to 0x00007fc0af13b0d7
Event: 58.866 Thread 0x00007fc0546b5880 Implicit null exception at 0x00007fc0af1fef62 to 0x00007fc0af20313b
Event: 64.987 Thread 0x00007fc02c13ac10 Exception <a 'java/lang/NoSuchMethodError'{0x00000000f686ef18}: 'java.lang.Object java.lang.invoke.DirectMethodHandle$Holder.invokeStatic(java.lang.Object, int, java.lang.Object, java.lang.Object, java.lang.Object, java.lang.Object)'> (0x00000000f686ef18) 
thrown [src/hotspot/share/interpreter/linkResolver.cpp, line 758]
Event: 64.988 Thread 0x00007fc02c13ac10 Exception <a 'java/lang/NoSuchMethodError'{0x00000000f6877140}: 'java.lang.Object java.lang.invoke.DirectMethodHandle$Holder.newInvokeSpecial(java.lang.Object, int, java.lang.Object, java.lang.Object, java.lang.Object)'> (0x00000000f6877140) 
thrown [src/hotspot/share/interpreter/linkResolver.cpp, line 758]
Event: 93.305 Thread 0x00007fc02c15f1a0 Implicit null exception at 0x00007fc0af0fede9 to 0x00007fc0af0ff898
Event: 96.434 Thread 0x00007fc0c03fb490 Implicit null exception at 0x00007fc0af0b3d27 to 0x00007fc0af0b3dd6
Event: 128.879 Thread 0x00007fc0546b5880 Exception <a 'java/lang/OutOfMemoryError'{0x00000000e00ce2c0}> (0x00000000e00ce2c0) 
thrown [src/hotspot/share/gc/shared/memAllocator.cpp, line 138]
Event: 128.879 Thread 0x00007fc0546b5880 Implicit null exception at 0x00007fc0af1739da to 0x00007fc0af173c48
Event: 132.978 Thread 0x00007fc0546b5880 Exception <a 'java/lang/OutOfMemoryError'{0x00000000e00cd780}> (0x00000000e00cd780) 
thrown [src/hotspot/share/gc/shared/memAllocator.cpp, line 136]
Event: 137.297 Thread 0x00007fc02c144360 Exception <a 'java/io/FileNotFoundException'{0x00000000f6474aa0}> (0x00000000f6474aa0) 
thrown [src/hotspot/share/prims/jni.cpp, line 516]
Event: 139.381 Thread 0x00007fc02c131910 Exception <a 'java/lang/NoSuchMethodError'{0x00000000f68bda20}: 'void java.lang.invoke.DirectMethodHandle$Holder.invokeVirtual(java.lang.Object, java.lang.Object)'> (0x00000000f68bda20) 
thrown [src/hotspot/share/interpreter/linkResolver.cpp, line 758]
Event: 139.453 Thread 0x00007fc02c131910 Implicit null exception at 0x00007fc0af17ec35 to 0x00007fc0af17eca6
Event: 537.658 Thread 0x00007fc0c03fb490 Exception <a 'java/lang/OutOfMemoryError'{0x00000000e00cda58}> (0x00000000e00cda58) 
thrown [src/hotspot/share/gc/shared/memAllocator.cpp, line 136]
Event: 562.699 Thread 0x00007fc0c00b21e0 Exception <a 'java/lang/OutOfMemoryError'{0x00000000e00cda58}> (0x00000000e00cda58) 
thrown [src/hotspot/share/gc/shared/memAllocator.cpp, line 136]

VM Operations (20 events):
Event: 548.873 Executing VM operation: ParallelGCFailedAllocation
Event: 550.130 Executing VM operation: ParallelGCFailedAllocation done
Event: 550.130 Executing VM operation: ParallelGCFailedAllocation
Event: 551.358 Executing VM operation: ParallelGCFailedAllocation done
Event: 551.359 Executing VM operation: ParallelGCFailedAllocation
Event: 552.569 Executing VM operation: ParallelGCFailedAllocation done
Event: 552.569 Executing VM operation: ParallelGCFailedAllocation
Event: 553.781 Executing VM operation: ParallelGCFailedAllocation done
Event: 553.781 Executing VM operation: ParallelGCFailedAllocation
Event: 554.983 Executing VM operation: ParallelGCFailedAllocation done
Event: 554.984 Executing VM operation: ParallelGCFailedAllocation
Event: 556.384 Executing VM operation: ParallelGCFailedAllocation done
Event: 556.384 Executing VM operation: ParallelGCFailedAllocation
Event: 557.705 Executing VM operation: ParallelGCFailedAllocation done
Event: 557.705 Executing VM operation: ParallelGCFailedAllocation
Event: 559.001 Executing VM operation: ParallelGCFailedAllocation done
Event: 559.001 Executing VM operation: ParallelGCFailedAllocation
Event: 560.179 Executing VM operation: ParallelGCFailedAllocation done
Event: 560.179 Executing VM operation: ParallelGCFailedAllocation
Event: 562.699 Executing VM operation: ParallelGCFailedAllocation done

Events (20 events):
Event: 139.153 Protecting memory [0x00007fc06b800000,0x00007fc06b804000] with protection modes 0
Event: 139.154 Thread 0x00007fc02c15b980 Thread exited: 0x00007fc02c15b980
Event: 139.154 Thread 0x00007fc02c1302e0 Thread exited: 0x00007fc02c1302e0
Event: 139.154 Thread 0x00007fc02c1657c0 Thread exited: 0x00007fc02c1657c0
Event: 139.155 Thread 0x00007fc02c13ac10 Thread exited: 0x00007fc02c13ac10
Event: 139.155 Thread 0x00007fc02c13c9f0 Thread exited: 0x00007fc02c13c9f0
Event: 139.156 Thread 0x00007fc02c12f1f0 Thread exited: 0x00007fc02c12f1f0
Event: 139.156 Thread 0x00007fc02c138f50 Thread exited: 0x00007fc02c138f50
Event: 139.156 Thread 0x00007fc02c164630 Thread exited: 0x00007fc02c164630
Event: 139.157 Thread 0x00007fc02c1668c0 Thread exited: 0x00007fc02c1668c0
Event: 139.170 Thread 0x00007fc02c144360 Thread exited: 0x00007fc02c144360
Event: 139.258 Thread 0x00007fc02c15f110 Thread exited: 0x00007fc02c15f110
Event: 142.977 Thread 0x00007fc02c131910 Thread exited: 0x00007fc02c131910
Event: 200.089 Thread 0x00007fbfe4002990 Thread exited: 0x00007fbfe4002990
Event: 201.679 Thread 0x00007fc044013570 Thread exited: 0x00007fc044013570
Event: 201.679 Thread 0x00007fc04c1f50d0 Thread exited: 0x00007fc04c1f50d0
Event: 201.680 Thread 0x00007fc0440072f0 Thread exited: 0x00007fc0440072f0
Event: 264.603 Thread 0x00007fc0301dd500 Thread exited: 0x00007fc0301dd500
Event: 443.594 Thread 0x00007fc0c00b4b40 flushing nmethod 0x00007fc0a8199f90
Event: 446.093 Thread 0x00007fc0c00b4b40 flushing nmethod 0x00007fc0a8ad8910


Dynamic libraries:
e0000000-f5580000 rw-p 00000000 00:00 0 
f5580000-f9780000 rw-p 00000000 00:00 0 
f9780000-100000000 ---p 00000000 00:00 0 
800000000-800449000 rw-p 00001000 00:158d 4611686019135357769            /nix/store/gpxl5qgg8kicmcvivwmybwjlpf7wh20l-graalvm17-ce-22.3.0/lib/server/classes.jsa
800449000-800bc8000 r--p 0044a000 00:158d 4611686019135357769            /nix/store/gpxl5qgg8kicmcvivwmybwjlpf7wh20l-graalvm17-ce-22.3.0/lib/server/classes.jsa
800bc8000-800c00000 ---p 00000000 00:00 0 
800c00000-800c20000 rw-p 00000000 00:00 0 
800c20000-800c40000 rw-p 00000000 00:00 0 
800c40000-800cc0000 rw-p 00000000 00:00 0 
800cc0000-800d00000 rw-p 00000000 00:00 0 
800d00000-800dc0000 rw-p 00000000 00:00 0 
800dc0000-800e00000 rw-p 00000000 00:00 0 
800e00000-801170000 rw-p 00000000 00:00 0 
801170000-801180000 ---p 00000000 00:00 0 
801180000-8011c0000 rw-p 00000000 00:00 0 
8011c0000-840c00000 ---p 00000000 00:00 0 
56158172d000-56158172e000 r-xp 00000000 00:158d 4611686019099417844      /nix/store/gpxl5qgg8kicmcvivwmybwjlpf7wh20l-graalvm17-ce-22.3.0/bin/.java-wrapped
56158172f000-561581730000 r--p 00001000 00:158d 4611686019099417844      /nix/store/gpxl5qgg8kicmcvivwmybwjlpf7wh20l-graalvm17-ce-22.3.0/bin/.java-wrapped
561581730000-561581731000 rw-p 00002000 00:158d 4611686019099417844      /nix/store/gpxl5qgg8kicmcvivwmybwjlpf7wh20l-graalvm17-ce-22.3.0/bin/.java-wrapped
561581731000-561581732000 rw-p 00004000 00:158d 4611686019099417844      /nix/store/gpxl5qgg8kicmcvivwmybwjlpf7wh20l-graalvm17-ce-22.3.0/bin/.java-wrapped
561581732000-561581733000 rw-p 00005000 00:158d 4611686019099417844      /nix/store/gpxl5qgg8kicmcvivwmybwjlpf7wh20l-graalvm17-ce-22.3.0/bin/.java-wrapped
5615821dc000-561582224000 rw-p 00000000 00:00 0                          [heap]
7fbfd4000000-7fbfd4021000 rw-p 00000000 00:00 0 
7fbfd4021000-7fbfd8000000 ---p 00000000 00:00 0 
7fbfd8000000-7fbfd8021000 rw-p 00000000 00:00 0 
7fbfd8021000-7fbfdc000000 ---p 00000000 00:00 0 
7fbfdc000000-7fbfdc021000 rw-p 00000000 00:00 0 
7fbfdc021000-7fbfe0000000 ---p 00000000 00:00 0 
7fbfe0000000-7fbfe0021000 rw-p 00000000 00:00 0 
7fbfe0021000-7fbfe4000000 ---p 00000000 00:00 0 
7fbfe4000000-7fbfe4021000 rw-p 00000000 00:00 0 
7fbfe4021000-7fbfe8000000 ---p 00000000 00:00 0 
7fbfe8000000-7fbfe8021000 rw-p 00000000 00:00 0 
7fbfe8021000-7fbfec000000 ---p 00000000 00:00 0 
7fbfec000000-7fbfec021000 rw-p 00000000 00:00 0 
7fbfec021000-7fbff0000000 ---p 00000000 00:00 0 
7fbff0000000-7fbff0021000 rw-p 00000000 00:00 0 
7fbff0021000-7fbff4000000 ---p 00000000 00:00 0 
7fbff4000000-7fbff4021000 rw-p 00000000 00:00 0 
7fbff4021000-7fbff8000000 ---p 00000000 00:00 0 
7fbff8000000-7fbff8021000 rw-p 00000000 00:00 0 
7fbff8021000-7fbffc000000 ---p 00000000 00:00 0 
7fbffc000000-7fbffc021000 rw-p 00000000 00:00 0 
7fbffc021000-7fc000000000 ---p 00000000 00:00 0 
7fc000000000-7fc000021000 rw-p 00000000 00:00 0 
7fc000021000-7fc004000000 ---p 00000000 00:00 0 
7fc004000000-7fc004021000 rw-p 00000000 00:00 0 
7fc004021000-7fc008000000 ---p 00000000 00:00 0 
7fc008000000-7fc008021000 rw-p 00000000 00:00 0 
7fc008021000-7fc00c000000 ---p 00000000 00:00 0 
7fc00c000000-7fc00c021000 rw-p 00000000 00:00 0 
7fc00c021000-7fc010000000 ---p 00000000 00:00 0 
7fc012e00000-7fc012f00000 ---p 00000000 00:00 0 
7fc012f00000-7fc0134af000 r--p 01122000 00:158d 4611686019135190040      /nix/store/gpxl5qgg8kicmcvivwmybwjlpf7wh20l-graalvm17-ce-22.3.0/lib/libjvmcicompiler.so
7fc0134af000-7fc013600000 r--p 00000000 00:00 0 
7fc013600000-7fc01363d000 rw-p 00000000 00:00 0 
7fc01363d000-7fc013b5d000 rw-p 0185f000 00:158d 4611686019135190040      /nix/store/gpxl5qgg8kicmcvivwmybwjlpf7wh20l-graalvm17-ce-22.3.0/lib/libjvmcicompiler.so
7fc013b5d000-7fc013f44000 r--p 01d7f000 00:158d 4611686019135190040      /nix/store/gpxl5qgg8kicmcvivwmybwjlpf7wh20l-graalvm17-ce-22.3.0/lib/libjvmcicompiler.so
7fc014000000-7fc014021000 rw-p 00000000 00:00 0 
7fc014021000-7fc018000000 ---p 00000000 00:00 0 
7fc018000000-7fc018030000 rw-p 00000000 00:00 0 
7fc018030000-7fc01c000000 ---p 00000000 00:00 0 
7fc01c000000-7fc01c141000 rw-p 00000000 00:00 0 
7fc01c141000-7fc020000000 ---p 00000000 00:00 0 
7fc020800000-7fc020b80000 rw-p 00000000 00:00 0 
7fc020b80000-7fc020bb0000 rw-p 00000000 00:00 0 
7fc020bb0000-7fc020c00000 ---p 00000000 00:00 0 
7fc020c00000-7fc020c60000 rw-p 00000000 00:00 0 
7fc020c60000-7fc021000000 ---p 00000000 00:00 0 
7fc021c00000-7fc022400000 rw-p 00000000 00:00 0 
7fc0224b3000-7fc02c000000 r--s 00000000 00:158d 4611686019135192581      /nix/store/gpxl5qgg8kicmcvivwmybwjlpf7wh20l-graalvm17-ce-22.3.0/lib/modules
7fc02c000000-7fc02c1b9000 rw-p 00000000 00:00 0 
7fc02c1b9000-7fc030000000 ---p 00000000 00:00 0 
7fc030000000-7fc030258000 rw-p 00000000 00:00 0 
7fc030258000-7fc034000000 ---p 00000000 00:00 0 
7fc034000000-7fc034021000 rw-p 00000000 00:00 0 
7fc034021000-7fc038000000 ---p 00000000 00:00 0 
7fc038000000-7fc038021000 rw-p 00000000 00:00 0 
7fc038021000-7fc03c000000 ---p 00000000 00:00 0 
7fc03c000000-7fc03c3a3000 rw-p 00000000 00:00 0 
7fc03c3a3000-7fc040000000 ---p 00000000 00:00 0 
7fc040000000-7fc040021000 rw-p 00000000 00:00 0 
7fc040021000-7fc044000000 ---p 00000000 00:00 0 
7fc044000000-7fc044065000 rw-p 00000000 00:00 0 
7fc044065000-7fc048000000 ---p 00000000 00:00 0 
7fc048000000-7fc048140000 rw-p 00000000 00:00 0 
7fc048140000-7fc04c000000 ---p 00000000 00:00 0 
7fc04c000000-7fc04c1ff000 rw-p 00000000 00:00 0 
7fc04c1ff000-7fc050000000 ---p 00000000 00:00 0 
7fc050000000-7fc050021000 rw-p 00000000 00:00 0 
7fc050021000-7fc054000000 ---p 00000000 00:00 0 
7fc054000000-7fc054958000 rw-p 00000000 00:00 0 
7fc054958000-7fc058000000 ---p 00000000 00:00 0 
7fc058000000-7fc058021000 rw-p 00000000 00:00 0 
7fc058021000-7fc05c000000 ---p 00000000 00:00 0 
7fc05c000000-7fc05c021000 rw-p 00000000 00:00 0 
7fc05c021000-7fc060000000 ---p 00000000 00:00 0 
7fc060000000-7fc060021000 rw-p 00000000 00:00 0 
7fc060021000-7fc064000000 ---p 00000000 00:00 0 
7fc064000000-7fc064021000 rw-p 00000000 00:00 0 
7fc064021000-7fc068000000 ---p 00000000 00:00 0 
7fc068000000-7fc068300000 rw-p 00000000 00:00 0 
7fc068300000-7fc068400000 rw-p 00000000 00:00 0 
7fc068400000-7fc068800000 rw-p 00000000 00:00 0 
7fc068800000-7fc068980000 rw-p 00000000 00:00 0 
7fc068980000-7fc068a00000 rw-p 00000000 00:00 0 
7fc068a00000-7fc068fe0000 rw-p 00000000 00:00 0 
7fc068fe0000-7fc069000000 rw-p 00000000 00:00 0 
7fc06a000000-7fc06a100000 rw-p 00000000 00:00 0 
7fc06a100000-7fc06a200000 rw-p 00000000 00:00 0 
7fc06a200000-7fc06a580000 rw-p 00000000 00:00 0 
7fc06a580000-7fc06a600000 rw-p 00000000 00:00 0 
7fc06a600000-7fc06a800000 rw-p 00000000 00:00 0 
7fc06a800000-7fc06a900000 rw-p 00000000 00:00 0 
7fc06a900000-7fc06aa00000 rw-p 00000000 00:00 0 
7fc06aa00000-7fc06af80000 rw-p 00000000 00:00 0 
7fc06af80000-7fc06b000000 rw-p 00000000 00:00 0 
7fc06b000000-7fc06b010000 r-xp 00000000 00:158a 355                      /home/runner/.cache/jdt-language-server/config/org.eclipse.equinox.launcher/org.eclipse.equinox.launcher.gtk.linux.x86_64_1.2.400.v20211117-0650/eclipse_11600.so
7fc06b010000-7fc06b20f000 ---p 00010000 00:158a 355                      /home/runner/.cache/jdt-language-server/config/org.eclipse.equinox.launcher/org.eclipse.equinox.launcher.gtk.linux.x86_64_1.2.400.v20211117-0650/eclipse_11600.so
7fc06b20f000-7fc06b210000 r--p 0000f000 00:158a 355                      /home/runner/.cache/jdt-language-server/config/org.eclipse.equinox.launcher/org.eclipse.equinox.launcher.gtk.linux.x86_64_1.2.400.v20211117-0650/eclipse_11600.so
7fc06b210000-7fc06b211000 rw-p 00010000 00:158a 355                      /home/runner/.cache/jdt-language-server/config/org.eclipse.equinox.launcher/org.eclipse.equinox.launcher.gtk.linux.x86_64_1.2.400.v20211117-0650/eclipse_11600.so
7fc06b800000-7fc06b804000 ---p 00000000 00:00 0 
7fc06b804000-7fc06b900000 rw-p 00000000 00:00 0 
7fc06c568000-7fc06ca00000 rw-p 00000000 00:00 0 
7fc06cb00000-7fc06cb04000 ---p 00000000 00:00 0 
7fc06cb04000-7fc06cc00000 rw-p 00000000 00:00 0 
7fc06cc00000-7fc06cc04000 ---p 00000000 00:00 0 
7fc06cc04000-7fc06cd00000 rw-p 00000000 00:00 0 
7fc06cd00000-7fc06cd04000 ---p 00000000 00:00 0 
7fc06cd04000-7fc06ce00000 rw-p 00000000 00:00 0 
7fc06ce00000-7fc06ce04000 ---p 00000000 00:00 0 
7fc06ce04000-7fc06cf00000 rw-p 00000000 00:00 0 
7fc06cf00000-7fc06cf04000 ---p 00000000 00:00 0 
7fc06cf04000-7fc06d000000 rw-p 00000000 00:00 0 
7fc06d000000-7fc06d004000 ---p 00000000 00:00 0 
7fc06d004000-7fc06d100000 rw-p 00000000 00:00 0 
7fc06d100000-7fc06d104000 ---p 00000000 00:00 0 
7fc06d104000-7fc06d200000 rw-p 00000000 00:00 0 
7fc06d200000-7fc06d204000 ---p 00000000 00:00 0 
7fc06d204000-7fc06d300000 rw-p 00000000 00:00 0 
7fc06d300000-7fc06d304000 ---p 00000000 00:00 0 
7fc06d304000-7fc06d400000 rw-p 00000000 00:00 0 
7fc06d400000-7fc06d404000 ---p 00000000 00:00 0 
7fc06d404000-7fc06d500000 rw-p 00000000 00:00 0 
7fc06d500000-7fc06d504000 ---p 00000000 00:00 0 
7fc06d504000-7fc06d600000 rw-p 00000000 00:00 0 
7fc06d600000-7fc06d604000 ---p 00000000 00:00 0 
7fc06d604000-7fc06d700000 rw-p 00000000 00:00 0 
7fc06d700000-7fc06d704000 ---p 00000000 00:00 0 
7fc06d704000-7fc06d800000 rw-p 00000000 00:00 0 
7fc06d800000-7fc06d804000 ---p 00000000 00:00 0 
7fc06d804000-7fc06d900000 rw-p 00000000 00:00 0 
7fc06d900000-7fc06d904000 ---p 00000000 00:00 0 
7fc06d904000-7fc06da00000 rw-p 00000000 00:00 0 
7fc06da00000-7fc06da04000 ---p 00000000 00:00 0 
7fc06da04000-7fc06db00000 rw-p 00000000 00:00 0 
7fc06db00000-7fc06db04000 ---p 00000000 00:00 0 
7fc06db04000-7fc06dc00000 rw-p 00000000 00:00 0 
7fc06dc00000-7fc06fd6a000 r-xp 00000000 00:158d 4611686019135190040      /nix/store/gpxl5qgg8kicmcvivwmybwjlpf7wh20l-graalvm17-ce-22.3.0/lib/libjvmcicompiler.so
7fc06fd6a000-7fc06ff69000 ---p 0216a000 00:158d 4611686019135190040      /nix/store/gpxl5qgg8kicmcvivwmybwjlpf7wh20l-graalvm17-ce-22.3.0/lib/libjvmcicompiler.so
7fc06ff69000-7fc06ff6a000 r--p 02169000 00:158d 4611686019135190040      /nix/store/gpxl5qgg8kicmcvivwmybwjlpf7wh20l-graalvm17-ce-22.3.0/lib/libjvmcicompiler.so
7fc06ff6a000-7fc06ff6c000 rw-p 0216a000 00:158d 4611686019135190040      /nix/store/gpxl5qgg8kicmcvivwmybwjlpf7wh20l-graalvm17-ce-22.3.0/lib/libjvmcicompiler.so
7fc06ff6c000-7fc06ff6d000 rw-p 00000000 00:00 0 
7fc06ff6d000-7fc06ff72000 rw-p 023c3000 00:158d 4611686019135190040      /nix/store/gpxl5qgg8kicmcvivwmybwjlpf7wh20l-graalvm17-ce-22.3.0/lib/libjvmcicompiler.so
7fc070000000-7fc070021000 rw-p 00000000 00:00 0 
7fc070021000-7fc074000000 ---p 00000000 00:00 0 
7fc074000000-7fc074021000 rw-p 00000000 00:00 0 
7fc074021000-7fc078000000 ---p 00000000 00:00 0 
7fc078000000-7fc078021000 rw-p 00000000 00:00 0 
7fc078021000-7fc07c000000 ---p 00000000 00:00 0 
7fc07c000000-7fc07c021000 rw-p 00000000 00:00 0 
7fc07c021000-7fc080000000 ---p 00000000 00:00 0 
7fc080000000-7fc0800e9000 rw-p 00000000 00:00 0 
7fc0800e9000-7fc084000000 ---p 00000000 00:00 0 
7fc084000000-7fc084b61000 rw-p 00000000 00:00 0 
7fc084b61000-7fc088000000 ---p 00000000 00:00 0 
7fc088000000-7fc088021000 rw-p 00000000 00:00 0 
7fc088021000-7fc08c000000 ---p 00000000 00:00 0 
7fc08c000000-7fc08c021000 rw-p 00000000 00:00 0 
7fc08c021000-7fc090000000 ---p 00000000 00:00 0 
7fc090000000-7fc090021000 rw-p 00000000 00:00 0 
7fc090021000-7fc094000000 ---p 00000000 00:00 0 
7fc094000000-7fc094021000 rw-p 00000000 00:00 0 
7fc094021000-7fc098000000 ---p 00000000 00:00 0 
7fc098000000-7fc098021000 rw-p 00000000 00:00 0 
7fc098021000-7fc09c000000 ---p 00000000 00:00 0 
7fc09c000000-7fc09c021000 rw-p 00000000 00:00 0 
7fc09c021000-7fc0a0000000 ---p 00000000 00:00 0 
7fc0a0000000-7fc0a0054000 rw-p 00000000 00:00 0 
7fc0a0054000-7fc0a4004000 ---p 00000000 00:00 0 
7fc0a4004000-7fc0a4100000 rw-p 00000000 00:00 0 
7fc0a4100000-7fc0a4104000 ---p 00000000 00:00 0 
7fc0a4104000-7fc0a4200000 rw-p 00000000 00:00 0 
7fc0a4200000-7fc0a4204000 ---p 00000000 00:00 0 
7fc0a4204000-7fc0a4300000 rw-p 00000000 00:00 0 
7fc0a4300000-7fc0a4304000 ---p 00000000 00:00 0 
7fc0a4304000-7fc0a4400000 rw-p 00000000 00:00 0 
7fc0a4400000-7fc0a4404000 ---p 00000000 00:00 0 
7fc0a4404000-7fc0a4500000 rw-p 00000000 00:00 0 
7fc0a4500000-7fc0a4504000 ---p 00000000 00:00 0 
7fc0a4504000-7fc0a4600000 rw-p 00000000 00:00 0 
7fc0a4600000-7fc0a4604000 ---p 00000000 00:00 0 
7fc0a4604000-7fc0a4700000 rw-p 00000000 00:00 0 
7fc0a4700000-7fc0a4704000 ---p 00000000 00:00 0 
7fc0a4704000-7fc0a4800000 rw-p 00000000 00:00 0 
7fc0a4800000-7fc0a4804000 ---p 00000000 00:00 0 
7fc0a4804000-7fc0a4900000 rw-p 00000000 00:00 0 
7fc0a4900000-7fc0a4904000 ---p 00000000 00:00 0 
7fc0a4904000-7fc0a4a00000 rw-p 00000000 00:00 0 
7fc0a4a00000-7fc0a4a04000 ---p 00000000 00:00 0 
7fc0a4a04000-7fc0a4b00000 rw-p 00000000 00:00 0 
7fc0a4b00000-7fc0a4b04000 ---p 00000000 00:00 0 
7fc0a4b04000-7fc0a4c00000 rw-p 00000000 00:00 0 
7fc0a4c00000-7fc0a4c04000 ---p 00000000 00:00 0 
7fc0a4c04000-7fc0a4d00000 rw-p 00000000 00:00 0 
7fc0a4d00000-7fc0a4d04000 ---p 00000000 00:00 0 
7fc0a4d04000-7fc0a4e00000 rw-p 00000000 00:00 0 
7fc0a4e00000-7fc0a4e04000 ---p 00000000 00:00 0 
7fc0a4e04000-7fc0a4f00000 rw-p 00000000 00:00 0 
7fc0a4f00000-7fc0a4f04000 ---p 00000000 00:00 0 
7fc0a4f04000-7fc0a5000000 rw-p 00000000 00:00 0 
7fc0a5000000-7fc0a5004000 ---p 00000000 00:00 0 
7fc0a5004000-7fc0a5100000 rw-p 00000000 00:00 0 
7fc0a5100000-7fc0a5104000 ---p 00000000 00:00 0 
7fc0a5104000-7fc0a5200000 rw-p 00000000 00:00 0 
7fc0a5200000-7fc0a5204000 ---p 00000000 00:00 0 
7fc0a5204000-7fc0a5300000 rw-p 00000000 00:00 0 
7fc0a5300000-7fc0a5304000 ---p 00000000 00:00 0 
7fc0a5304000-7fc0a5400000 rw-p 00000000 00:00 0 
7fc0a5400000-7fc0a5404000 ---p 00000000 00:00 0 
7fc0a5404000-7fc0a5500000 rw-p 00000000 00:00 0 
7fc0a5500000-7fc0a5504000 ---p 00000000 00:00 0 
7fc0a5504000-7fc0a5600000 rw-p 00000000 00:00 0 
7fc0a5600000-7fc0a5604000 ---p 00000000 00:00 0 
7fc0a5604000-7fc0a5700000 rw-p 00000000 00:00 0 
7fc0a5800000-7fc0a5804000 ---p 00000000 00:00 0 
7fc0a5804000-7fc0a5900000 rw-p 00000000 00:00 0 
7fc0a5900000-7fc0a5904000 ---p 00000000 00:00 0 
7fc0a5904000-7fc0a5a00000 rw-p 00000000 00:00 0 
7fc0a5a00000-7fc0a5a04000 ---p 00000000 00:00 0 
7fc0a5a04000-7fc0a5b00000 rw-p 00000000 00:00 0 
7fc0a5b00000-7fc0a5b04000 ---p 00000000 00:00 0 
7fc0a5b04000-7fc0a5c00000 rw-p 00000000 00:00 0 
7fc0a5c00000-7fc0a5c04000 ---p 00000000 00:00 0 
7fc0a5c04000-7fc0a5d00000 rw-p 00000000 00:00 0 
7fc0a5d00000-7fc0a5d04000 ---p 00000000 00:00 0 
7fc0a5d04000-7fc0a5e00000 rw-p 00000000 00:00 0 
7fc0a5e00000-7fc0a5e04000 ---p 00000000 00:00 0 
7fc0a5e04000-7fc0a5f00000 rw-p 00000000 00:00 0 
7fc0a5f18000-7fc0a5f1c000 ---p 00000000 00:00 0 
7fc0a5f1c000-7fc0a6018000 rw-p 00000000 00:00 0 
7fc0a6018000-7fc0a6019000 ---p 00000000 00:00 0 
7fc0a6019000-7fc0a611a000 rw-p 00000000 00:00 0 
7fc0a611a000-7fc0a611e000 ---p 00000000 00:00 0 
7fc0a611e000-7fc0a621a000 rw-p 00000000 00:00 0 
7fc0a621a000-7fc0a621e000 ---p 00000000 00:00 0 
7fc0a621e000-7fc0a631a000 rw-p 00000000 00:00 0 
7fc0a631a000-7fc0a631e000 ---p 00000000 00:00 0 
7fc0a631e000-7fc0a641a000 rw-p 00000000 00:00 0 
7fc0a641a000-7fc0a641e000 ---p 00000000 00:00 0 
7fc0a641e000-7fc0a661a000 rw-p 00000000 00:00 0 
7fc0a661a000-7fc0a661e000 ---p 00000000 00:00 0 
7fc0a661e000-7fc0a681a000 rw-p 00000000 00:00 0 
7fc0a681a000-7fc0a681e000 ---p 00000000 00:00 0 
7fc0a681e000-7fc0a691a000 rw-p 00000000 00:00 0 
7fc0a691a000-7fc0a6c00000 r--p 00000000 00:156f 28444448                 /usr/lib/locale/locale-archive
7fc0a6c00000-7fc0a7000000 rw-p 00000000 00:00 0 
7fc0a7000000-7fc0a72c0000 rw-p 00000000 00:00 0 
7fc0a72c0000-7fc0a7300000 rw-p 00000000 00:00 0 
7fc0a7300000-7fc0a7400000 rw-p 00000000 00:00 0 
7fc0a745c000-7fc0a7460000 ---p 00000000 00:00 0 
7fc0a7460000-7fc0a747e000 rw-p 00000000 00:00 0 
7fc0a747e000-7fc0a7493000 r-xp 00000000 00:158d 4611686019135192570      /nix/store/gpxl5qgg8kicmcvivwmybwjlpf7wh20l-graalvm17-ce-22.3.0/lib/libnet.so
7fc0a7493000-7fc0a7494000 ---p 00015000 00:158d 4611686019135192570      /nix/store/gpxl5qgg8kicmcvivwmybwjlpf7wh20l-graalvm17-ce-22.3.0/lib/libnet.so
7fc0a7494000-7fc0a7495000 r--p 00015000 00:158d 4611686019135192570      /nix/store/gpxl5qgg8kicmcvivwmybwjlpf7wh20l-graalvm17-ce-22.3.0/lib/libnet.so
7fc0a7495000-7fc0a7496000 rw-p 00016000 00:158d 4611686019135192570      /nix/store/gpxl5qgg8kicmcvivwmybwjlpf7wh20l-graalvm17-ce-22.3.0/lib/libnet.so
7fc0a7496000-7fc0a7499000 rw-p 0001b000 00:158d 4611686019135192570      /nix/store/gpxl5qgg8kicmcvivwmybwjlpf7wh20l-graalvm17-ce-22.3.0/lib/libnet.so
7fc0a7499000-7fc0a74ac000 r-xp 00000000 00:158d 4611686019135192571      /nix/store/gpxl5qgg8kicmcvivwmybwjlpf7wh20l-graalvm17-ce-22.3.0/lib/libnio.so
7fc0a74ac000-7fc0a74ad000 r--p 00012000 00:158d 4611686019135192571      /nix/store/gpxl5qgg8kicmcvivwmybwjlpf7wh20l-graalvm17-ce-22.3.0/lib/libnio.so
7fc0a74ad000-7fc0a74ae000 rw-p 00013000 00:158d 4611686019135192571      /nix/store/gpxl5qgg8kicmcvivwmybwjlpf7wh20l-graalvm17-ce-22.3.0/lib/libnio.so
7fc0a74ae000-7fc0a74b3000 rw-p 00019000 00:158d 4611686019135192571      /nix/store/gpxl5qgg8kicmcvivwmybwjlpf7wh20l-graalvm17-ce-22.3.0/lib/libnio.so
7fc0a74b3000-7fc0a7723000 rwxp 00000000 00:00 0 
7fc0a7723000-7fc0a7a42000 ---p 00000000 00:00 0 
7fc0a7a42000-7fc0a8e02000 rwxp 00000000 00:00 0 
7fc0a8e02000-7fc0aef7a000 ---p 00000000 00:00 0 
7fc0aef7a000-7fc0af2aa000 rwxp 00000000 00:00 0 
7fc0af2aa000-7fc0b64b3000 ---p 00000000 00:00 0 
7fc0b64b3000-7fc0c0000000 r--s 00000000 00:158d 4611686019135192581      /nix/store/gpxl5qgg8kicmcvivwmybwjlpf7wh20l-graalvm17-ce-22.3.0/lib/modules
7fc0c0000000-7fc0c0400000 rw-p 00000000 00:00 0 
7fc0c0400000-7fc0c4000000 ---p 00000000 00:00 0 
7fc0c4004000-7fc0c400b000 r-xp 00000000 00:158d 4611686019135192580      /nix/store/gpxl5qgg8kicmcvivwmybwjlpf7wh20l-graalvm17-ce-22.3.0/lib/libzip.so
7fc0c400b000-7fc0c400c000 ---p 00007000 00:158d 4611686019135192580      /nix/store/gpxl5qgg8kicmcvivwmybwjlpf7wh20l-graalvm17-ce-22.3.0/lib/libzip.so
7fc0c400c000-7fc0c400d000 r--p 00007000 00:158d 4611686019135192580      /nix/store/gpxl5qgg8kicmcvivwmybwjlpf7wh20l-graalvm17-ce-22.3.0/lib/libzip.so
7fc0c400d000-7fc0c400e000 rw-p 00008000 00:158d 4611686019135192580      /nix/store/gpxl5qgg8kicmcvivwmybwjlpf7wh20l-graalvm17-ce-22.3.0/lib/libzip.so
7fc0c400e000-7fc0c4010000 rw-p 0000b000 00:158d 4611686019135192580      /nix/store/gpxl5qgg8kicmcvivwmybwjlpf7wh20l-graalvm17-ce-22.3.0/lib/libzip.so
7fc0c4010000-7fc0c4014000 ---p 00000000 00:00 0 
7fc0c4014000-7fc0c4110000 rw-p 00000000 00:00 0 
7fc0c4110000-7fc0c4114000 ---p 00000000 00:00 0 
7fc0c4114000-7fc0c4210000 rw-p 00000000 00:00 0 
7fc0c4210000-7fc0c4214000 ---p 00000000 00:00 0 
7fc0c4214000-7fc0c4310000 rw-p 00000000 00:00 0 
7fc0c4310000-7fc0c4314000 ---p 00000000 00:00 0 
7fc0c4314000-7fc0c4410000 rw-p 00000000 00:00 0 
7fc0c4410000-7fc0c4411000 ---p 00000000 00:00 0 
7fc0c4411000-7fc0c4512000 rw-p 00000000 00:00 0 
7fc0c4512000-7fc0c45e0000 r-xp 00000000 00:158d 4611686019135190036      /nix/store/gpxl5qgg8kicmcvivwmybwjlpf7wh20l-graalvm17-ce-22.3.0/lib/libjsvml.so
7fc0c45e0000-7fc0c45e1000 r--p 000cd000 00:158d 4611686019135190036      /nix/store/gpxl5qgg8kicmcvivwmybwjlpf7wh20l-graalvm17-ce-22.3.0/lib/libjsvml.so
7fc0c45e1000-7fc0c45e2000 rw-p 000ce000 00:158d 4611686019135190036      /nix/store/gpxl5qgg8kicmcvivwmybwjlpf7wh20l-graalvm17-ce-22.3.0/lib/libjsvml.so
7fc0c45e2000-7fc0c5eba000 rw-p 00000000 00:00 0 
7fc0c5eba000-7fc0c5ebb000 ---p 00000000 00:00 0 
7fc0c5ebb000-7fc0c6066000 rw-p 00000000 00:00 0 
7fc0c6066000-7fc0c6088000 rw-p 00000000 00:00 0 
7fc0c6088000-7fc0c60bc000 ---p 00000000 00:00 0 
7fc0c60bc000-7fc0c60c4000 rw-p 00000000 00:00 0 
7fc0c60c4000-7fc0c61a8000 ---p 00000000 00:00 0 
7fc0c61a8000-7fc0c61d0000 rw-p 00000000 00:00 0 
7fc0c61d0000-7fc0c6293000 ---p 00000000 00:00 0 
7fc0c6293000-7fc0c6298000 rw-p 00000000 00:00 0 
7fc0c6298000-7fc0c629f000 ---p 00000000 00:00 0 
7fc0c629f000-7fc0c62c3000 r-xp 00000000 00:158d 4611686019135190028      /nix/store/gpxl5qgg8kicmcvivwmybwjlpf7wh20l-graalvm17-ce-22.3.0/lib/libjava.so
7fc0c62c3000-7fc0c62c4000 ---p 00024000 00:158d 4611686019135190028      /nix/store/gpxl5qgg8kicmcvivwmybwjlpf7wh20l-graalvm17-ce-22.3.0/lib/libjava.so
7fc0c62c4000-7fc0c62c5000 r--p 00024000 00:158d 4611686019135190028      /nix/store/gpxl5qgg8kicmcvivwmybwjlpf7wh20l-graalvm17-ce-22.3.0/lib/libjava.so
7fc0c62c5000-7fc0c62c6000 rw-p 00025000 00:158d 4611686019135190028      /nix/store/gpxl5qgg8kicmcvivwmybwjlpf7wh20l-graalvm17-ce-22.3.0/lib/libjava.so
7fc0c62c6000-7fc0c62c7000 rw-p 00000000 00:00 0 
7fc0c62c7000-7fc0c62ce000 rw-p 0002f000 00:158d 4611686019135190028      /nix/store/gpxl5qgg8kicmcvivwmybwjlpf7wh20l-graalvm17-ce-22.3.0/lib/libjava.so
7fc0c62ce000-7fc0c62d6000 rw-s 00000000 00:4a8 681                       /tmp/hsperfdata_runner/686
7fc0c62d6000-7fc0c62d7000 ---p 00000000 00:00 0 
7fc0c62d7000-7fc0c62d8000 r--p 00000000 00:00 0 
7fc0c62d8000-7fc0c62d9000 rwxp 00000000 00:00 0 
7fc0c62d9000-7fc0c62f4000 r-xp 00000000 00:158d 4611686019135190032      /nix/store/gpxl5qgg8kicmcvivwmybwjlpf7wh20l-graalvm17-ce-22.3.0/lib/libjimage.so
7fc0c62f4000-7fc0c62f5000 ---p 0001b000 00:158d 4611686019135190032      /nix/store/gpxl5qgg8kicmcvivwmybwjlpf7wh20l-graalvm17-ce-22.3.0/lib/libjimage.so
7fc0c62f5000-7fc0c62f7000 r--p 0001b000 00:158d 4611686019135190032      /nix/store/gpxl5qgg8kicmcvivwmybwjlpf7wh20l-graalvm17-ce-22.3.0/lib/libjimage.so
7fc0c62f7000-7fc0c62f8000 rw-p 0001d000 00:158d 4611686019135190032      /nix/store/gpxl5qgg8kicmcvivwmybwjlpf7wh20l-graalvm17-ce-22.3.0/lib/libjimage.so
7fc0c62f8000-7fc0c62f9000 rw-p 00024000 00:158d 4611686019135190032      /nix/store/gpxl5qgg8kicmcvivwmybwjlpf7wh20l-graalvm17-ce-22.3.0/lib/libjimage.so
7fc0c62f9000-7fc0c62fd000 ---p 00000000 00:00 0 
7fc0c62fd000-7fc0c63f9000 rw-p 00000000 00:00 0 
7fc0c63f9000-7fc0c6407000 r--p 00000000 00:158d 4611686019027979927      /nix/store/4nlgxhb09sdr51nc9hdm8az5b08vzkgx-glibc-2.35-163/lib/libm.so.6
7fc0c6407000-7fc0c647a000 r-xp 0000e000 00:158d 4611686019027979927      /nix/store/4nlgxhb09sdr51nc9hdm8az5b08vzkgx-glibc-2.35-163/lib/libm.so.6
7fc0c647a000-7fc0c64d7000 r--p 00081000 00:158d 4611686019027979927      /nix/store/4nlgxhb09sdr51nc9hdm8az5b08vzkgx-glibc-2.35-163/lib/libm.so.6
7fc0c64d7000-7fc0c64d8000 r--p 000dd000 00:158d 4611686019027979927      /nix/store/4nlgxhb09sdr51nc9hdm8az5b08vzkgx-glibc-2.35-163/lib/libm.so.6
7fc0c64d8000-7fc0c64d9000 rw-p 000de000 00:158d 4611686019027979927      /nix/store/4nlgxhb09sdr51nc9hdm8az5b08vzkgx-glibc-2.35-163/lib/libm.so.6
7fc0c64d9000-7fc0c64da000 r--p 00000000 00:158d 4611686019027979946      /nix/store/4nlgxhb09sdr51nc9hdm8az5b08vzkgx-glibc-2.35-163/lib/librt.so.1
7fc0c64da000-7fc0c64db000 r-xp 00001000 00:158d 4611686019027979946      /nix/store/4nlgxhb09sdr51nc9hdm8az5b08vzkgx-glibc-2.35-163/lib/librt.so.1
7fc0c64db000-7fc0c64dc000 r--p 00002000 00:158d 4611686019027979946      /nix/store/4nlgxhb09sdr51nc9hdm8az5b08vzkgx-glibc-2.35-163/lib/librt.so.1
7fc0c64dc000-7fc0c64dd000 r--p 00002000 00:158d 4611686019027979946      /nix/store/4nlgxhb09sdr51nc9hdm8az5b08vzkgx-glibc-2.35-163/lib/librt.so.1
7fc0c64dd000-7fc0c64de000 rw-p 00003000 00:158d 4611686019027979946      /nix/store/4nlgxhb09sdr51nc9hdm8az5b08vzkgx-glibc-2.35-163/lib/librt.so.1
7fc0c64de000-7fc0c75f1000 r-xp 00000000 00:158d 4611686019135360866      /nix/store/gpxl5qgg8kicmcvivwmybwjlpf7wh20l-graalvm17-ce-22.3.0/lib/server/libjvm.so
7fc0c75f1000-7fc0c75f2000 ---p 01113000 00:158d 4611686019135360866      /nix/store/gpxl5qgg8kicmcvivwmybwjlpf7wh20l-graalvm17-ce-22.3.0/lib/server/libjvm.so
7fc0c75f2000-7fc0c76a7000 r--p 01113000 00:158d 4611686019135360866      /nix/store/gpxl5qgg8kicmcvivwmybwjlpf7wh20l-graalvm17-ce-22.3.0/lib/server/libjvm.so
7fc0c76a7000-7fc0c76db000 rw-p 011c8000 00:158d 4611686019135360866      /nix/store/gpxl5qgg8kicmcvivwmybwjlpf7wh20l-graalvm17-ce-22.3.0/lib/server/libjvm.so
7fc0c76db000-7fc0c7737000 rw-p 00000000 00:00 0 
7fc0c7737000-7fc0c775f000 r--p 00000000 00:158d 4611686019027979918      /nix/store/4nlgxhb09sdr51nc9hdm8az5b08vzkgx-glibc-2.35-163/lib/libc.so.6
7fc0c775f000-7fc0c78d5000 r-xp 00028000 00:158d 4611686019027979918      /nix/store/4nlgxhb09sdr51nc9hdm8az5b08vzkgx-glibc-2.35-163/lib/libc.so.6
7fc0c78d5000-7fc0c792d000 r--p 0019e000 00:158d 4611686019027979918      /nix/store/4nlgxhb09sdr51nc9hdm8az5b08vzkgx-glibc-2.35-163/lib/libc.so.6
7fc0c792d000-7fc0c7931000 r--p 001f6000 00:158d 4611686019027979918      /nix/store/4nlgxhb09sdr51nc9hdm8az5b08vzkgx-glibc-2.35-163/lib/libc.so.6
7fc0c7931000-7fc0c7933000 rw-p 001fa000 00:158d 4611686019027979918      /nix/store/4nlgxhb09sdr51nc9hdm8az5b08vzkgx-glibc-2.35-163/lib/libc.so.6
7fc0c7933000-7fc0c7942000 rw-p 00000000 00:00 0 
7fc0c7942000-7fc0c7943000 r--p 00000000 00:158d 4611686019027979923      /nix/store/4nlgxhb09sdr51nc9hdm8az5b08vzkgx-glibc-2.35-163/lib/libdl.so.2
7fc0c7943000-7fc0c7944000 r-xp 00001000 00:158d 4611686019027979923      /nix/store/4nlgxhb09sdr51nc9hdm8az5b08vzkgx-glibc-2.35-163/lib/libdl.so.2
7fc0c7944000-7fc0c7945000 r--p 00002000 00:158d 4611686019027979923      /nix/store/4nlgxhb09sdr51nc9hdm8az5b08vzkgx-glibc-2.35-163/lib/libdl.so.2
7fc0c7945000-7fc0c7946000 r--p 00002000 00:158d 4611686019027979923      /nix/store/4nlgxhb09sdr51nc9hdm8az5b08vzkgx-glibc-2.35-163/lib/libdl.so.2
7fc0c7946000-7fc0c7947000 rw-p 00003000 00:158d 4611686019027979923      /nix/store/4nlgxhb09sdr51nc9hdm8az5b08vzkgx-glibc-2.35-163/lib/libdl.so.2
7fc0c7947000-7fc0c7948000 r--p 00000000 00:158d 4611686019027979942      /nix/store/4nlgxhb09sdr51nc9hdm8az5b08vzkgx-glibc-2.35-163/lib/libpthread.so.0
7fc0c7948000-7fc0c7949000 r-xp 00001000 00:158d 4611686019027979942      /nix/store/4nlgxhb09sdr51nc9hdm8az5b08vzkgx-glibc-2.35-163/lib/libpthread.so.0
7fc0c7949000-7fc0c794a000 r--p 00002000 00:158d 4611686019027979942      /nix/store/4nlgxhb09sdr51nc9hdm8az5b08vzkgx-glibc-2.35-163/lib/libpthread.so.0
7fc0c794a000-7fc0c794b000 r--p 00002000 00:158d 4611686019027979942      /nix/store/4nlgxhb09sdr51nc9hdm8az5b08vzkgx-glibc-2.35-163/lib/libpthread.so.0
7fc0c794b000-7fc0c794c000 rw-p 00003000 00:158d 4611686019027979942      /nix/store/4nlgxhb09sdr51nc9hdm8az5b08vzkgx-glibc-2.35-163/lib/libpthread.so.0
7fc0c794c000-7fc0c795a000 r-xp 00000000 00:158d 4611686019135190033      /nix/store/gpxl5qgg8kicmcvivwmybwjlpf7wh20l-graalvm17-ce-22.3.0/lib/libjli.so
7fc0c795a000-7fc0c795b000 ---p 0000e000 00:158d 4611686019135190033      /nix/store/gpxl5qgg8kicmcvivwmybwjlpf7wh20l-graalvm17-ce-22.3.0/lib/libjli.so
7fc0c795b000-7fc0c795c000 r--p 0000e000 00:158d 4611686019135190033      /nix/store/gpxl5qgg8kicmcvivwmybwjlpf7wh20l-graalvm17-ce-22.3.0/lib/libjli.so
7fc0c795c000-7fc0c795d000 rw-p 0000f000 00:158d 4611686019135190033      /nix/store/gpxl5qgg8kicmcvivwmybwjlpf7wh20l-graalvm17-ce-22.3.0/lib/libjli.so
7fc0c795d000-7fc0c795e000 rw-p 00012000 00:158d 4611686019135190033      /nix/store/gpxl5qgg8kicmcvivwmybwjlpf7wh20l-graalvm17-ce-22.3.0/lib/libjli.so
7fc0c795e000-7fc0c7961000 r--p 00000000 00:158d 4611686019106210071      /nix/store/026hln0aq1hyshaxsdvhg0kmcm6yf45r-zlib-1.2.13/lib/libz.so.1.2.13
7fc0c7961000-7fc0c7973000 r-xp 00003000 00:158d 4611686019106210071      /nix/store/026hln0aq1hyshaxsdvhg0kmcm6yf45r-zlib-1.2.13/lib/libz.so.1.2.13
7fc0c7973000-7fc0c797a000 r--p 00015000 00:158d 4611686019106210071      /nix/store/026hln0aq1hyshaxsdvhg0kmcm6yf45r-zlib-1.2.13/lib/libz.so.1.2.13
7fc0c797a000-7fc0c797b000 r--p 0001b000 00:158d 4611686019106210071      /nix/store/026hln0aq1hyshaxsdvhg0kmcm6yf45r-zlib-1.2.13/lib/libz.so.1.2.13
7fc0c797b000-7fc0c797c000 rw-p 0001c000 00:158d 4611686019106210071      /nix/store/026hln0aq1hyshaxsdvhg0kmcm6yf45r-zlib-1.2.13/lib/libz.so.1.2.13
7fc0c797c000-7fc0c797e000 rw-p 00000000 00:00 0 
7fc0c797e000-7fc0c7980000 r--p 00000000 00:158d 4611686019027979912      /nix/store/4nlgxhb09sdr51nc9hdm8az5b08vzkgx-glibc-2.35-163/lib/ld-linux-x86-64.so.2
7fc0c7980000-7fc0c79a7000 r-xp 00002000 00:158d 4611686019027979912      /nix/store/4nlgxhb09sdr51nc9hdm8az5b08vzkgx-glibc-2.35-163/lib/ld-linux-x86-64.so.2
7fc0c79a7000-7fc0c79b3000 r--p 00029000 00:158d 4611686019027979912      /nix/store/4nlgxhb09sdr51nc9hdm8az5b08vzkgx-glibc-2.35-163/lib/ld-linux-x86-64.so.2
7fc0c79b3000-7fc0c79b5000 r--p 00034000 00:158d 4611686019027979912      /nix/store/4nlgxhb09sdr51nc9hdm8az5b08vzkgx-glibc-2.35-163/lib/ld-linux-x86-64.so.2
7fc0c79b5000-7fc0c79b7000 rw-p 00036000 00:158d 4611686019027979912      /nix/store/4nlgxhb09sdr51nc9hdm8az5b08vzkgx-glibc-2.35-163/lib/ld-linux-x86-64.so.2
7ffd82f99000-7ffd82fbd000 rw-p 00000000 00:00 0                          [stack]
7ffd82fd8000-7ffd82fdc000 r--p 00000000 00:00 0                          [vvar]
7ffd82fdc000-7ffd82fde000 r-xp 00000000 00:00 0                          [vdso]
ffffffffff600000-ffffffffff601000 --xp 00000000 00:00 0                  [vsyscall]


VM Arguments:
jvm_args: -XX:ThreadPriorityPolicy=1 -XX:+UnlockExperimentalVMOptions -XX:+EnableJVMCIProduct -XX:JVMCIThreadsPerNativeLibraryRuntime=1 -XX:-UnlockExperimentalVMOptions -Declipse.application=org.eclipse.jdt.ls.core.id1 -Dosgi.bundles.defaultStartLevel=4 -Declipse.product=org.eclipse.jdt.ls.core.product -Dlog.level=ALL -Xverify:none -XX:+UseParallelGC -XX:GCTimeRatio=4 -XX:AdaptiveSizePolicyWeight=90 -Dsun.zip.disableMemoryMapping=true -Xmx512m -Xms100m 
java_command: /nix/store/m6gcpi1ii6rghy04cjwjddcavv7i90df-jdt-language-server-1.9.0/share/java/plugins/org.eclipse.equinox.launcher_1.6.400.v20210924-0641.jar --add-modules=ALL-SYSTEM --add-opens java.base/java.util=ALL-UNNAMED --add-opens java.base/java.lang=ALL-UNNAMED -configuration /home/runner/.cache/jdt-language-server/config -data /home/runner/.cache/jdt-language-server/data/home/runner/DefectWorkbench1
java_class_path (initial): /nix/store/m6gcpi1ii6rghy04cjwjddcavv7i90df-jdt-language-server-1.9.0/share/java/plugins/org.eclipse.equinox.launcher_1.6.400.v20210924-0641.jar
Launcher Type: SUN_STANDARD

[Global flags]
    uintx AdaptiveSizePolicyWeight                 = 90                                        {product} {command line}
     intx CICompilerCount                          = 2                                         {product} {ergonomic}
     bool EnableJVMCIProduct                       = true                                {JVMCI product} {jimage}
    uintx GCTimeRatio                              = 4                                         {product} {command line}
   size_t InitialHeapSize                          = 104857600                                 {product} {command line}
     uint JVMCIThreadsPerNativeLibraryRuntime      = 1                                   {JVMCI product} {jimage}
   size_t MaxHeapSize                              = 536870912                                 {product} {command line}
   size_t MaxNewSize                               = 178782208                                 {product} {ergonomic}
   size_t MinHeapDeltaBytes                        = 524288                                    {product} {ergonomic}
   size_t MinHeapSize                              = 104857600                                 {product} {command line}
   size_t NewSize                                  = 34603008                                  {product} {ergonomic}
    uintx NonNMethodCodeHeapSize                   = 5826188                                {pd product} {ergonomic}
    uintx NonProfiledCodeHeapSize                  = 122916026                              {pd product} {ergonomic}
   size_t OldSize                                  = 70254592                                  {product} {ergonomic}
    uintx ProfiledCodeHeapSize                     = 122916026                              {pd product} {ergonomic}
    uintx ReservedCodeCacheSize                    = 251658240                              {pd product} {ergonomic}
     bool SegmentedCodeCache                       = true                                      {product} {ergonomic}
   size_t SoftMaxHeapSize                          = 536870912                              {manageable} {ergonomic}
     intx ThreadPriorityPolicy                     = 1                                         {product} {jimage}
     bool UseCompressedClassPointers               = true                           {product lp64_product} {ergonomic}
     bool UseCompressedOops                        = true                           {product lp64_product} {ergonomic}
     bool UseParallelGC                            = true                                      {product} {command line}

Logging:
Log output configuration:
 #0: stdout all=warning uptime,level,tags
 #1: stderr all=off uptime,level,tags

Environment Variables:
JAVA_HOME=/nix/store/gpxl5qgg8kicmcvivwmybwjlpf7wh20l-graalvm17-ce-22.3.0
PATH=/nix/store/1d6ian3r8kdzspw8hacjhl3xkp40g1lj-binutils-wrapper-2.39/bin:/nix/store/dq0xwmsk1g0i2ayg6pb7y87na2knzylh-gcc-wrapper-11.3.0/bin:/nix/store/bap4d0lpcrhpwmpb8ayjcgkmvfj62lnq-bash-interactive-5.1-p16/bin:/nix/store/pr5n59mb4jzmfx6kanwxly0l07p861fg-patchelf-0.15.0/bin:/nix/store/1gf2flfqnpqbr1b4p4qz2f72y42bs56r-gcc-11.3.0/bin:/nix/store/57xv61c5zi8pphjbcwxxjlgc34p61ic9-glibc-2.35-163-bin/bin:/nix/store/a7gvj343m05j2s32xcnwr35v31ynlypr-coreutils-9.1/bin:/nix/store/039g378vc3pc3dvi9dzdlrd0i4q93qwf-binutils-2.39/bin:/nix/store/gpxl5qgg8kicmcvivwmybwjlpf7wh20l-graalvm17-ce-22.3.0/bin:/nix/store/6z9ag3ihc8mq2hzsw48lhbznvzny65nz-apache-maven-3.8.6/bin:/nix/store/m6gcpi1ii6rghy04cjwjddcavv7i90df-jdt-language-server-1.9.0/bin:/nix/store/84xs5alhs01zrbr4ywm05kxbjbp5590l-java-debug/bin:/nix/store/mydc6f4k2z73xlcz7ilif3v2lcaiqvza-findutils-4.9.0/bin:/nix/store/j9p3g8472iijd50vhdprx0nmk2fqn5gv-diffutils-3.8/bin:/nix/store/89zs7rms6x00xfq4dq6m7mjnhkr8a6r4-gnused-4.8/bin:/nix/store/86bp03jkmsl6f92w0yzg4s59g5mhxwmy-gnugrep-3.7/bin:/nix/store/hwcdqw4jrjnd37wxqgsd47hd0j8bnj09-gawk-5.1.1/bin:/nix/store/cfbhw8r8ags41vwqaz47r583d0p4h4a1-gnutar-1.34/bin:/nix/store/p3m1ndl1lapwrlh698bnb5lvvxh67378-gzip-1.12/bin:/nix/store/a8mhcagrsly7c7mpjrpsnaahk4aax056-bzip2-1.0.8-bin/bin:/nix/store/mblgz65m3zv9x548a3d5m96fj2pbwr09-gnumake-4.3/bin:/nix/store/dsd5gz46hdbdk2rfdimqddhq6m8m8fqs-bash-5.1-p16/bin:/nix/store/v7ljksji50mg3w61dykaa3n3y79n6nil-patch-2.7.6/bin:/nix/store/zlcnmqq14jz5x9439jf937mvayyl63da-xz-5.2.7-bin/bin:/nix/store/y6aj732zm9m87c82fpvf103a1xb22blp-file-5.43/bin:/nix/store/i4kzir3m7mrisxmf5xvlnkw01x4qaqr4-prybar-elisp-0.0.0-e0d9a52/bin:/nix/store/lwwivxf6h7x3cvxp9zv8sj0mv7dak99r-prybar-lua-0.0.0-e0d9a52/bin:/nix/store/gxj28g1cg4hq3qanmjv07156h800qr58-prybar-python3-0.0.0-e0d9a52/bin:/nix/store/hshkjnxrgidigf8x75vg6lqng2xlx9i3-prybar-sqlite-0.0.0-e0d9a52/bin:/nix/store/c4w01bpjgyy5ixmwdk8m1pw87zq4sl26-prybar-tcl-0.0.0-e0d9a52/bin:/nix/store/hpbvrlwd5viqmvcaisb3x0118i913a9n-st
LD_LIBRARY_PATH=/nix/store/a4pff549sk2idnkpzk5nsfps3mdkdnvm-cups-2.4.2-lib/lib:/nix/store/72mqxxhh3cy5yifh92wh2yb8cl2hikyy-cairo-1.16.0/lib:/nix/store/2k366jrbsra97gjfxwvrhvixjfxdach5-glib-2.74.1/lib:/nix/store/2j2znigd8ak37rlwh9khz0ry3clqlw1l-gtk+3-3.24.34/lib:/nix/store/hisqvx32cd57apbpcsnkpx6k3549wql1-libglvnd-1.4.0/lib:/nix/store/p36pgcv991mq5srvg765b78yqpxvk3qs-mesa-21.3.3-drivers/lib:/nix/store/mav4251if1ahjq5vkpwycyyvnmy459c4-pulseaudio-14.2/lib
DISPLAY=:0
LANG=en_US.UTF-8

Signal Handlers:
   SIGSEGV: crash_handler in libjvm.so, mask=11100100010111111101111111111110, flags=SA_RESTART|SA_SIGINFO
    SIGBUS: crash_handler in libjvm.so, mask=11100100010111111101111111111110, flags=SA_RESTART|SA_SIGINFO
    SIGFPE: crash_handler in libjvm.so, mask=11100100010111111101111111111110, flags=SA_RESTART|SA_SIGINFO
   SIGPIPE: IsolateEnterStub_IgnoreSIGPIPEStartupHook_noopSignalHandler_8f19bff2f35b5f630d83b364d6b2339320d4ec70_216e8361c6bc87a8f89f58cc10d3b2fd4415bf87 in libjvmcicompiler.so, mask=00000000000000000000000000000000, flags=SA_RESTART
  *** Handler was modified!
  *** Expected: javaSignalHandler in libjvm.so, mask=11100100110111111111111111111110, flags=SA_RESTART|SA_SIGINFO
   SIGXFSZ: javaSignalHandler in libjvm.so, mask=11100100010111111101111111111110, flags=SA_RESTART|SA_SIGINFO
    SIGILL: crash_handler in libjvm.so, mask=11100100010111111101111111111110, flags=SA_RESTART|SA_SIGINFO
   SIGUSR2: SR_handler in libjvm.so, mask=00000000000000000000000000000000, flags=SA_RESTART|SA_SIGINFO
    SIGHUP: UserHandler in libjvm.so, mask=11100100010111111101111111111110, flags=SA_RESTART|SA_SIGINFO
    SIGINT: UserHandler in libjvm.so, mask=11100100010111111101111111111110, flags=SA_RESTART|SA_SIGINFO
   SIGTERM: UserHandler in libjvm.so, mask=11100100010111111101111111111110, flags=SA_RESTART|SA_SIGINFO
   SIGQUIT: UserHandler in libjvm.so, mask=11100100010111111101111111111110, flags=SA_RESTART|SA_SIGINFO
  *** Handler was modified!
  *** Expected: javaSignalHandler in libjvm.so, mask=11100100110111111111111111111110, flags=SA_RESTART|SA_SIGINFO
   SIGTRAP: crash_handler in libjvm.so, mask=11100100010111111101111111111110, flags=SA_RESTART|SA_SIGINFO


---------------  S Y S T E M  ---------------

OS:
DISTRIB_ID=Ubuntu
DISTRIB_RELEASE=20.04
DISTRIB_CODENAME=focal
DISTRIB_DESCRIPTION="Ubuntu 20.04.2 LTS"
uname: Linux 5.15.0-1030-gcp #37~20.04.1-Ubuntu SMP Mon Feb 20 04:30:57 UTC 2023 x86_64
OS uptime: 0 days 3:24 hours
libc: glibc 2.35 NPTL 2.35 
rlimit (soft/hard): STACK 8192k/infinity , CORE infinity/infinity , NPROC infinity/infinity , NOFILE 5242/5242 , AS infinity/infinity , CPU infinity/infinity , DATA infinity/infinity , FSIZE infinity/infinity , MEMLOCK 64k/64k
load average: 15.73 14.59 14.21

/proc/meminfo:
MemTotal:       65852732 kB
MemFree:        26680372 kB
MemAvailable:   48659704 kB
Buffers:         2694832 kB
Cached:         18431228 kB
SwapCached:            0 kB
Active:          7972776 kB
Inactive:       27289416 kB
Active(anon):      13580 kB
Inactive(anon): 14055752 kB
Active(file):    7959196 kB
Inactive(file): 13233664 kB
Unevictable:       43980 kB
Mlocked:           43980 kB
SwapTotal:             0 kB
SwapFree:              0 kB
Dirty:             13180 kB
Writeback:          3012 kB
AnonPages:      13076880 kB
Mapped:          1636264 kB
Shmem:             29660 kB
KReclaimable:    1513072 kB
Slab:            2966788 kB
SReclaimable:    1513072 kB
SUnreclaim:      1453716 kB
KernelStack:      383740 kB
PageTables:       132148 kB
NFS_Unstable:          0 kB
Bounce:                0 kB
WritebackTmp:          0 kB
CommitLimit:    32926364 kB
Committed_AS:   53896236 kB
VmallocTotal:   34359738367 kB
VmallocUsed:      424496 kB
VmallocChunk:          0 kB
Percpu:            60992 kB
HardwareCorrupted:     0 kB
AnonHugePages:   1351680 kB
ShmemHugePages:        0 kB
ShmemPmdMapped:        0 kB
FileHugePages:         0 kB
FilePmdMapped:         0 kB
HugePages_Total:       0
HugePages_Free:        0
HugePages_Rsvd:        0
HugePages_Surp:        0
Hugepagesize:       2048 kB
Hugetlb:               0 kB
DirectMap4k:     4270912 kB
DirectMap2M:    42911744 kB
DirectMap1G:    22020096 kB

/sys/kernel/mm/transparent_hugepage/enabled: always [madvise] never
/sys/kernel/mm/transparent_hugepage/defrag (defrag/compaction efforts parameter): always defer defer+madvise [madvise] never

Process Memory:
Virtual Size: 5471848K (peak: 5532456K)
Resident Set Size: 752900K (peak: 820032K) (anon: 556780K, file: 196120K, shmem: 0K)
Swapped out: 0K
C-Heap outstanding allocations: 40112K, retained: 16607K
glibc malloc tunables: (default)

/proc/sys/kernel/threads-max (system-wide limit on the number of threads): 514406
/proc/sys/vm/max_map_count (maximum number of memory map areas a process may have): 65530
/proc/sys/kernel/pid_max (system-wide limit on number of process identifiers): 4194304

container (cgroup) information:
container_type: cgroupv1
cpu_cpuset_cpus: 2-7
cpu_memory_nodes: 0
active_processor_count: 1
cpu_quota: 50000
cpu_period: 100000
cpu_shares: 512
memory_limit_in_bytes: 1048576 k
memory_and_swap_limit_in_bytes: 1048576 k
memory_soft_limit_in_bytes: 524288 k
memory_usage_in_bytes: 605976 k
memory_max_usage_in_bytes: 1048576 k
maximum number of tasks: 1000
current number of tasks: 48

KVM virtualization detected
Steal ticks since vm start: 0
Steal ticks percentage since vm start:  0.000

CPU: total 8 (initial active 1) (8 cores per cpu, 2 threads per core) family 23 model 49 stepping 0 microcode 0xffffffff, cx8, cmov, fxsr, ht, mmx, 3dnowpref, sse, sse2, sse3, ssse3, sse4a, sse4.1, sse4.2, popcnt, lzcnt, tsc, tscinvbit, avx, avx2, aes, clmul, bmi1, bmi2, adx, sha, fma, vzeroupper, clflush, clflushopt, hv
CPU Model and flags from /proc/cpuinfo:
model name	: AMD EPYC 7B12
flags		: fpu vme de pse tsc msr pae mce cx8 apic sep mtrr pge mca cmov pat pse36 clflush mmx fxsr sse sse2 ht syscall nx mmxext fxsr_opt pdpe1gb rdtscp lm constant_tsc rep_good nopl nonstop_tsc cpuid extd_apicid tsc_known_freq pni pclmulqdq ssse3 fma cx16 sse4_1 sse4_2 movbe popcnt aes xsave avx f16c rdrand hypervisor lahf_lm cmp_legacy cr8_legacy abm sse4a misalignsse 3dnowprefetch osvw topoext ssbd ibrs ibpb stibp vmmcall fsgsbase tsc_adjust bmi1 avx2 smep bmi2 rdseed adx smap clflushopt clwb sha_ni xsaveopt xsavec xgetbv1 clzero xsaveerptr arat npt nrip_save umip rdpid

Online cpus: 0-7
Offline cpus: 
BIOS frequency limitation: <Not Available>
Frequency switch latency (ns): <Not Available>
Available cpu frequencies: <Not Available>
Current governor: <Not Available>
Core performance/turbo boost: <Not Available>

Memory: 4k page, physical 1048576k(442592k free), swap 0k(0k free)
Page Sizes: 4k

vm_info: OpenJDK 64-Bit Server VM (17.0.5+8-jvmci-22.3-b08) for linux-amd64 JRE (17.0.5+8-jvmci-22.3-b08), built on Oct 19 2022 09:01:27 by "buildslave" with gcc 10.3.0

END.
